<?xml version="1.0" encoding="UTF-8"?>
<testsuite name="R4-1/tests" tests="7" failures="7" skipped="0" hostname="DESKTOP-FH6FHVE" time="1429.015" timestamp="Wed Jan 02 16:27:26 IST 2019">
	<properties>
		<property name="excludeCallableTestCases" value="true"/>
		<property name="testEnvironment" value=""/>
		<property name="pluginOutputLevel" value="WARNING"/>
		<property name="projectPath" value=".."/>
		<property name="salesforceMetadataCache" value="Reuse"/>
		<property name="resultsPathDisposition" value="Replace"/>
		<property name="testOutputLevel" value="WARNING"/>
		<property name="webBrowserType" value="Google Chrome"/>
		<property name="resultsPath" value="../ANT/Results"/>
		<property name="webBrowserConfiguration" value="Full Screen"/>
		<property name="projectCachePath" value="C:\Users\Incapsulate\git\Jenkins-Provar-test\R4-1\ANT\..\..\.provarCaches"/>
	</properties>
	<testcase classname="tests/ActivityConsole\C1410_C1450-AbleToAssociateOutcomeWithActivity.testcase" name="C1410_C1450-AbleToAssociateOutcomeWithActivity.testcase" time="513.487">
		<failure message="Execution failed"><![CDATA[Failed to resolve control locator. Locator: ui:locator?name=Incap311__Service_Request_Number__c&binding=sf%3Aui%3Abinding%3Aobject%3Fobject%3DCase%26field%3DIncap311__Service_Request_Number__c]]></failure>
	</testcase>
	<testcase classname="tests/ActivityConsole\C1448-CheckIfOutcomeReasonSelectionIsDisplayedOutcomeSelection.testcase" name="C1448-CheckIfOutcomeReasonSelectionIsDisplayedOutcomeSelection.testcase" time="161.21">
		<failure message="Execution failed"><![CDATA[Assertion failed.  (expected) 19-00004907 contains 18- (actual)]]></failure>
	</testcase>
	<testcase classname="tests/ActivityConsole\C1449-OutcomeReasonCommentSectionIsDisplayedAndOutcomeIsSavedOnlyWhenCommentsAreSuppliedANDSave.testcase" name="C1449-OutcomeReasonCommentSectionIsDisplayedAndOutcomeIsSavedOnlyWhenCommentsAreSuppliedANDSave.testcase" time="140.539">
		<failure message="Execution failed"><![CDATA[Field not found on the screen.  Locator: ProvarFindByElementLocator [by=public org.openqa.selenium.WebElement pageobjects.incap311sc__AgentConsole_Aadil_ServiceTypeTab_ContactInfo.SearchContact]]]></failure>
	</testcase>
	<testcase classname="tests/ActivityConsole\C1458-CheckIfFinishDateIsPopulatedAndSavedOnOutomeSelection.testcase" name="C1458-CheckIfFinishDateIsPopulatedAndSavedOnOutomeSelection.testcase" time="131.811">
		<failure message="Execution failed"><![CDATA[Field not found on the screen.  Locator: ProvarFindByElementLocator [by=public org.openqa.selenium.WebElement pageobjects.incap311sc__AgentConsole_Aadil_ServiceTypeTab_ContactInfo.SearchContact]]]></failure>
	</testcase>
	<testcase classname="tests/ActivityConsole\C1459-CheckIfActivitiesHasStatusBasedOnOutCome.testcase" name="C1459-CheckIfActivitiesHasStatusBasedOnOutCome.testcase" time="131.389">
		<failure message="Execution failed"><![CDATA[Field not found on the screen.  Locator: ProvarFindByElementLocator [by=public org.openqa.selenium.WebElement pageobjects.incap311sc__AgentConsole_Aadil_ServiceTypeTab_ContactInfo.SearchContact]]]></failure>
	</testcase>
	<testcase classname="tests/ActivityConsole\C1462_C1463-CheckIfActivitiesHaveInternalAndExternalComments.testcase" name="C1462_C1463-CheckIfActivitiesHaveInternalAndExternalComments.testcase" time="158.232">
		<failure message="Execution failed"><![CDATA[Field not found on the screen.  Locator: ProvarFindByElementLocator [by=public org.openqa.selenium.WebElement pageobjects.incap311sc__AgentConsole_Aadil_ServiceTypeTab_ContactInfo.SearchContact]]]></failure>
	</testcase>
	<testcase classname="tests/ActivityConsole\C1468_C1461-CheckIfProvidingFinishDateEarlierThanCreatedIsNotAccepted.testcase" name="C1468_C1461-CheckIfProvidingFinishDateEarlierThanCreatedIsNotAccepted.testcase" time="133.411">
		<failure message="Execution failed"><![CDATA[Field not found on the screen.  Locator: ProvarFindByElementLocator [by=public org.openqa.selenium.WebElement pageobjects.incap311sc__AgentConsole_Aadil_ServiceTypeTab_ContactInfo.SearchContact]]]></failure>
	</testcase>
</testsuite>
