<html>
	<head>
		<style>

			body {
				font-family: sans-serif;
			}

			.TestCaseImplTitle {
				color: blue;
				font: 0.85em arial;
				font-weight: bold;
			}

			.TestCaseImpl .TestItemTitle {
				color: blue;
				border-top: 2px solid blue;
				border-bottom: 2px solid blue;
				margin-bottom: 0.5em;
			}

			.TestCaseImpl .TestItemOutcome {
				border-top: 2px solid blue;
				border-bottom: 2px solid blue;
			}

			.ApiCallImpl .TestItemTitle{
				color: blue;
				border-top: 1px solid blue;
				border-bottom: 1px solid blue;
				padding-top: 0.1em;
				padding-bottom: 0.1em;
				margin-top: 0.25em;
				margin-bottom: 0.25em;
			}

			.ApiCallImpl .TestItemOutcome {
				border-top: 1px solid blue;
				border-bottom: 1px solid blue;
				padding-top: 0.1em;
				padding-bottom: 0.1em;
				margin-top: 0.25em;
			}

			.TestItemOutcome {
				padding-left: 20px;
				padding-top: 0.1em;
				padding-bottom: 0.1em;
				clear: both;
			}
			
			.TestItemOutcome.Successful {
				color: green;
				background: url('../../successful_16x16.gif') no-repeat 0 0.15em;
			}

			.TestItemOutcome.Failed {
				color: red;
				background: url('../../failed_16x16.gif') no-repeat 0 0.15em;
				font-weight: bold;
			}

			.TestItemOutcome.Skipped {
				color: orange;
				background: url('../../skipped_16x16.gif') no-repeat 0 0.15em;
			}

			.TestOutput {
				font: 0.9em arial;
				color: black;
				margin-top: 0.15em;
				margin-bottom: 0.15em;
			}

			.TestOutput.err {
				font-weight: bold;
				color: red;
			}

			.TestOutput.war {
				font-weight: bold;
				color: orange;
			}

			.ApiCallImpl{
				margin-left: 1em;
				margin-bottom: 0.4em;
			}

			.TestCaseCallImpl{
				margin-left: 1em;
				margin-bottom: 0.4em;
			}
			
		</style>
	</head>
	<body><div id='detail-body'>
	<div style='float: right;'><img src='../..//provar_logo_400x100.png' height='50'/></div>
<h2><img src='../..//testcase_16x16.png' style='height: 24; padding-top: 4px;'/> C1476_C1514-SRStatus.testcase</h2>
<div class='TestCaseImpl'><div class='TestItemTitle'><div style='float: right; font-size: 0.8em;'><img src='../..//timer_16x16.gif' style='height: 16; padding-top: 2px;'/><span style='padding-bottom: 2px;'>14:30:43 (00:00.000)</span></div>Start of Test Case C1476_C1514-SRStatus.testcase</div><div class='ApiCallImpl'><div class='TestItemTitle'><div style='float: right; font-size: 0.8em;'><img src='../..//timer_16x16.gif' style='height: 16; padding-top: 2px;'/><span style='padding-bottom: 2px;'>14:30:43 (00:00.006)</span></div>Start of Test Step Salesforce Connect: InternalQA (Test)</div><div class='TestOutput inf'>Opening Salesforce connection  Connection name: SAT_Dev_Admin_311</div><div class='TestOutput inf'>Connection details.  Connection name: SAT_Dev_Admin_311, urlString: sf:user=vbevara.311.sat@incapsulate.com.capsule;password={password};securityToken={securityToken};environment=PROD_DEV;userLoginUrl=https://incapsulate311-sat-dev-ed.my.salesforce.com/;webBaseUrl=https://incapsulate311-sat-dev-ed.my.salesforce.com/, environment: &lt;default&gt;, userName: vbevara.311.sat@incapsulate.com.capsule, password: [supplied], securityToken: [supplied]</div><div class='TestOutput inf'>Created Object ID log file.  Path: C:\Users\Incapsulate\git\Jenkins-Provar-test\R4-1\ANT\..\ANT\Results(11)\Artifacts\SAT_Dev_Admin_311-objectids.log</div><div class='TestOutput off'>Salesforce connection opened successfully.  Connection name: SAT_Dev_Admin_311, ResultName: InternalQA, resultScope: Test</div><div class='TestItemOutcome Successful'><div style='float: right; font-size: 0.8em;'><img src='../..//timer_16x16.gif' style='height: 16; padding-top: 2px;'/><span style='padding-bottom: 2px;'>14:30:46 (00:03.164)</span></div>Test Step successful.</div></div><div class='ApiCallImpl'><div class='TestItemTitle'><div style='float: right; font-size: 0.8em;'><img src='../..//timer_16x16.gif' style='height: 16; padding-top: 2px;'/><span style='padding-bottom: 2px;'>14:30:46 (00:03.164)</span></div>Start of Test Step SearchSR1</div><div class='ApiCallImpl'><div class='TestItemTitle'><div style='float: right; font-size: 0.8em;'><img src='../..//timer_16x16.gif' style='height: 16; padding-top: 2px;'/><span style='padding-bottom: 2px;'>14:30:46 (00:03.178)</span></div>Start of Test Step On SF Cases tab (Code Compliance Administration)</div><div class='TestOutput inf'>Start of With Screen.  Connection Name: InternalQA, target: sf:ui:target?object=Case&action=List&application=X311_Console&tab=standard-Case&listView=Code_Compliance_Administration_Case</div><div class='TestOutput inf'>Using executable from Test Project lib folder.  executable: C:\Users\Incapsulate\git\Jenkins-Provar-test\R4-1\lib\chromedriver.exe</div><div class='TestOutput inf'>Added Chrome command line switch to bypass proxy for local addresses: --proxy-bypass-list=localhost,127.0.0.1,10.0.0.137</div><div class='TestOutput inf'>Added Desired Capability for chrome browser proxy: null</div><div class='TestOutput inf'>Successfully opened Chrome WebDriver to https://incapsulate311-sat-dev-ed.my.salesforce.com/.</div><div class='TestOutput inf'>Opening Salesforce Tab.  Tab Name: standard-Case, Url: /500/o</div><div class='TestOutput inf'>Opening Page context.  Name: screen, data: null, frame: null</div><div class='TestOutput inf'>Opening page.  URL: https://incapsulate311-sat-dev-ed.my.salesforce.com/?un=vbevara.311.sat%40incapsulate.com.capsule&pw={password}&startURL=%2Fconsole%3Ftsid%3D02uf2000001DGlj</div><div class='TestOutput inf'>Start of waitForPageToLoad.  Timeout(ms): 90000</div><div class='TestOutput inf'>Reattempting of waitForPageToLoad.  Timeout(ms): 90000</div><div class='TestOutput inf'>End of waitForPageToLoad.  Duration(ms): 8810</div><div class='TestOutput inf'>Start of waitForPageToLoad.  Timeout(ms): 90000</div><div class='TestOutput inf'>Reattempting of waitForPageToLoad.  Timeout(ms): 90000</div><div class='TestOutput inf'>End of waitForPageToLoad.  Duration(ms): 18</div><div class='TestOutput inf'>Injecting script to close tabs</div><div class='TestOutput inf'>Got sid cookie: sid=00Df2000001KKNJ!ARMAQJgRQbslJv0T5WThtRD0pAl5k5ip3FEoFEzMERXuGCF.7.zVqmOtBXrcoh_owXVIm3vIKbdspJLmDOKHrf92yS8kxJWK; path=/; domain=incapsulate311-sat-dev-ed.my.salesforce.com;secure;</div><div class='TestOutput inf'>Switched focus to main window.  URL: https://incapsulate311-sat-dev-ed.my.salesforce.com/console?tsid=02uf2000001DGlj</div><div class='TestOutput inf'>Opening Salesforce Console Page.</div><div class='TestOutput inf'>Switched focus to main window.  URL: https://incapsulate311-sat-dev-ed.my.salesforce.com/console?tsid=02uf2000001DGlj</div><div class='TestOutput inf'>Switched focus to frame.  Window: main, Selector: //iframe[@id='ext-comp-1005'], URL: https://incapsulate311-sat-dev-ed.my.salesforce.com/500?fcf=00Bf2000007whM3&rolodexIndex=-1&page=1&isdtp=nv&nonce=cd12287b59e6107a58d3972d605ac7ec617a6e2127cd9caf8aeb757092789efe&sfdcIFrameOrigin=https%3A%2F%2Fincapsulate311-sat-dev-ed.my.salesforce.com</div><div class='TestOutput inf'>Clicking WebElement using Javascript Click.  WebElement: WebElement [tag: a, href: javascript:void(0);]</div><div class='TestOutput inf'>The List view toggle was clicked successfully.</div><div class='TestOutput inf'>Selected list view.  Object: Case, List View: Code_Compliance_Administration_Case</div><div class='ApiCallImpl'><div class='TestItemTitle'><div style='float: right; font-size: 0.8em;'><img src='../..//timer_16x16.gif' style='height: 16; padding-top: 2px;'/><span style='padding-bottom: 2px;'>14:31:19 (00:36.132)</span></div>Start of Test Step Click the New Case button</div><div class='TestOutput inf'>Start of Interact.  Connection: InternalQA, Locator: ui:locator?name=NewCase&binding=sf%3Aui%3Abinding%3Aobject%3Fobject%3DCase%26action%3DNewCase, before wait: default, after wait: default, auto retry: null</div><div class='TestOutput inf'>Browser window has been opened.  Name: main</div><div class='TestOutput inf'>Locator: ui:locator?name=NewCase&binding=sf%3Aui%3Abinding%3Aobject%3Fobject%3DCase%26action%3DNewCase</div><div class='TestOutput inf'>Interaction: ui:interaction?name=action</div><div class='TestOutput inf'>Switched focus to frame.  Window: main, Selector: //iframe[@id='ext-comp-1005'], URL: https://incapsulate311-sat-dev-ed.my.salesforce.com/500?fcf=00Bf2000007whM3&rolodexIndex=-1&page=1&isdtp=nv&nonce=cd12287b59e6107a58d3972d605ac7ec617a6e2127cd9caf8aeb757092789efe&sfdcIFrameOrigin=https%3A%2F%2Fincapsulate311-sat-dev-ed.my.salesforce.com</div><div class='TestOutput inf'>Doing before wait.  waitUrl: default</div><div class='TestOutput inf'>End of &lt;default&gt; wait.</div><div class='TestOutput inf'>Doing after wait.  waitUrl: default</div><div class='TestOutput inf'>Getting webElement: By.xpath: //div[contains(@class,'listButtons') or contains(@class,'listHeader')]//input[@name='newCase' or @name='newcase' or (contains(@name,'__newcase') and not(substring-after(@name,'__newcase')))]</div><div class='TestOutput inf'>Clicking WebElement.  WebElement [tag: input, text: New Case]</div><div class='TestOutput inf'>Doing after wait.  waitUrl: default</div><div class='TestOutput inf'>End of &lt;default&gt; wait.</div><div class='TestItemOutcome Successful'><div style='float: right; font-size: 0.8em;'><img src='../..//timer_16x16.gif' style='height: 16; padding-top: 2px;'/><span style='padding-bottom: 2px;'>14:31:19 (00:36.282)</span></div>Test Step successful.</div></div><div class='TestOutput inf'>All Sub-Test Steps were successful.</div><div class='TestOutput inf'>Closing Page context.  Name: screen, data: null, frame: null</div><div class='TestOutput inf'>Main window reselected.  Window: main</div><div class='TestItemOutcome Successful'><div style='float: right; font-size: 0.8em;'><img src='../..//timer_16x16.gif' style='height: 16; padding-top: 2px;'/><span style='padding-bottom: 2px;'>14:31:21 (00:38.317)</span></div>Test Step successful.</div></div><div class='ApiCallImpl'><div class='TestItemTitle'><div style='float: right; font-size: 0.8em;'><img src='../..//timer_16x16.gif' style='height: 16; padding-top: 2px;'/><span style='padding-bottom: 2px;'>14:31:21 (00:38.317)</span></div>Start of Test Step On SF Incap311SC__AgentConsole page with pageobject Incap 311sc__ Agent Console_ Narayan</div><div class='TestOutput inf'>Start of With Screen.  Connection Name: InternalQA, target: sf:ui:target?page=Incap311SC__AgentConsole&pageObject=pageobjects.incap311sc__AgentConsole_Narayan</div><div class='TestOutput inf'>Opening Page context.  Name: screen, data: null, frame: null</div><div class='TestOutput inf'>Switched focus to main window.  URL: https://incapsulate311-sat-dev-ed.my.salesforce.com/console?tsid=02uf2000001DGlj</div><div class='TestOutput inf'>Waited for Console tabs to finish loading.  Attempts: 3, duration: 0.537</div><div class='TestOutput inf'>Found the Primary tab.  Id: scc-pt-3</div><div class='TestOutput inf'>Active secondary container: [[[[ChromeDriver: chrome on XP (d21fcb296bd1d04ca127fbc617071c8c)] -&gt; css selector: div.sd_nav_tabpanel_body &gt; div:not(.x-hide-display):not(.x-hide-offsets)]] -&gt; css selector: div.sd_secondary_container:not(.x-hide-display):not(.x-hide-offsets)]</div><div class='TestOutput inf'>Switched focus to frame.  Window: main, Selector: //iframe[@id='ext-comp-1044'], URL: https://incapsulate311-sat-dev-ed--incap311sc.na53.visual.force.com/apex/AgentConsole?isdtp=vw&sfdcIFrameOrigin=https%3A%2F%2Fincapsulate311-sat-dev-ed.my.salesforce.com&isWsVw=true&nonce=cd12287b59e6107a58d3972d605ac7ec617a6e2127cd9caf8aeb757092789efe#/home</div><div class='ApiCallImpl'><div class='TestItemTitle'><div style='float: right; font-size: 0.8em;'><img src='../..//timer_16x16.gif' style='height: 16; padding-top: 2px;'/><span style='padding-bottom: 2px;'>14:31:25 (00:41.945)</span></div>Start of Test Step Click the Link_submit Request button</div><div class='TestOutput inf'>Start of Interact.  Connection: InternalQA, Locator: ui:locator?name=Link_submitRequest, before wait: default, after wait: default, auto retry: null</div><div class='TestOutput inf'>Locator: ui:locator?name=Link_submitRequest</div><div class='TestOutput inf'>Interaction: ui:interaction?name=action</div><div class='TestOutput inf'>Switched focus to frame.  Window: main, Selector: //iframe[@id='ext-comp-1044'], URL: https://incapsulate311-sat-dev-ed--incap311sc.na53.visual.force.com/apex/AgentConsole?isdtp=vw&sfdcIFrameOrigin=https%3A%2F%2Fincapsulate311-sat-dev-ed.my.salesforce.com&isWsVw=true&nonce=cd12287b59e6107a58d3972d605ac7ec617a6e2127cd9caf8aeb757092789efe#/home</div><div class='TestOutput inf'>Doing before wait.  waitUrl: default</div><div class='TestOutput inf'>End of &lt;default&gt; wait.</div><div class='TestOutput inf'>waitAnno: @com.provar.core.testapi.annotations.PageObjectWait(implementation=class com.provar.core.testapi.BackgroundActivityWait)</div><div class='TestOutput inf'>Doing background activity wait.  Timeout(seconds): 60, Interval(milliseconds): 500</div><div class='TestOutput off'>Background activity wait successful.  Actual duration(seconds): 0.269</div><div class='TestOutput inf'>Doing after wait.  waitUrl: default</div><div class='TestOutput inf'>Doing Auto Retry wait.  Timeout(seconds): 10, Interval(milliseconds): 500</div><div class='TestOutput inf'>Clicking WebElement.  WebElement [tag: a, text: Submit Request, href: https://incapsulate311-sat-dev-ed--incap311sc.na53.visual.force.com/apex/AgentConsole?isdtp=vw&sfdcIFrameOrigin=https%3A%2F%2Fincapsulate311-sat-dev-ed.my.salesforce.com&isWsVw=true&nonce=cd12287b59e6107a58d3972d605ac7ec617a6e2127cd9caf8aeb757092789efe#/services]</div><div class='TestOutput inf'>Doing after wait.  waitUrl: default</div><div class='TestOutput inf'>waitAnno: @com.provar.core.testapi.annotations.PageObjectWait(implementation=class com.provar.core.testapi.BackgroundActivityWait)</div><div class='TestOutput inf'>Doing background activity wait.  Timeout(seconds): 60, Interval(milliseconds): 500</div><div class='TestOutput off'>Background activity wait successful.  Actual duration(seconds): 2.640</div><div class='TestOutput inf'>End of &lt;default&gt; wait.</div><div class='TestItemOutcome Successful'><div style='float: right; font-size: 0.8em;'><img src='../..//timer_16x16.gif' style='height: 16; padding-top: 2px;'/><span style='padding-bottom: 2px;'>14:31:29 (00:45.709)</span></div>Test Step successful.</div></div><div class='TestOutput inf'>All Sub-Test Steps were successful.</div><div class='TestOutput inf'>Closing Page context.  Name: screen, data: null, frame: null</div><div class='TestOutput inf'>Main window reselected.  Window: main</div><div class='TestItemOutcome Successful'><div style='float: right; font-size: 0.8em;'><img src='../..//timer_16x16.gif' style='height: 16; padding-top: 2px;'/><span style='padding-bottom: 2px;'>14:31:31 (00:47.755)</span></div>Test Step successful.</div></div><div class='ApiCallImpl'><div class='TestItemTitle'><div style='float: right; font-size: 0.8em;'><img src='../..//timer_16x16.gif' style='height: 16; padding-top: 2px;'/><span style='padding-bottom: 2px;'>14:31:31 (00:47.755)</span></div>Start of Test Step On SF Incap311SC__AgentConsole page with pageobject Incap 311sc__ Agent Console_ Narayan_ Service Type Tab</div><div class='TestOutput inf'>Start of With Screen.  Connection Name: InternalQA, target: sf:ui:target?page=Incap311SC__AgentConsole&pageObject=pageobjects.incap311sc__AgentConsole_Narayan_ServiceTypeTab</div><div class='TestOutput inf'>Opening Page context.  Name: screen, data: null, frame: null</div><div class='TestOutput inf'>Switched focus to main window.  URL: https://incapsulate311-sat-dev-ed.my.salesforce.com/console?tsid=02uf2000001DGlj</div><div class='TestOutput inf'>Found the Primary tab.  Id: scc-pt-3</div><div class='TestOutput inf'>Active secondary container: [[[[ChromeDriver: chrome on XP (d21fcb296bd1d04ca127fbc617071c8c)] -&gt; css selector: div.sd_nav_tabpanel_body &gt; div:not(.x-hide-display):not(.x-hide-offsets)]] -&gt; css selector: div.sd_secondary_container:not(.x-hide-display):not(.x-hide-offsets)]</div><div class='TestOutput inf'>Switched focus to frame.  Window: main, Selector: //iframe[@id='ext-comp-1044'], URL: https://incapsulate311-sat-dev-ed--incap311sc.na53.visual.force.com/apex/AgentConsole?isdtp=vw&sfdcIFrameOrigin=https%3A%2F%2Fincapsulate311-sat-dev-ed.my.salesforce.com&isWsVw=true&nonce=cd12287b59e6107a58d3972d605ac7ec617a6e2127cd9caf8aeb757092789efe#/services</div><div class='ApiCallImpl'><div class='TestItemTitle'><div style='float: right; font-size: 0.8em;'><img src='../..//timer_16x16.gif' style='height: 16; padding-top: 2px;'/><span style='padding-bottom: 2px;'>14:31:31 (00:47.921)</span></div>Start of Test Step Set the Text Box_search Service Type field to Provar POC 5</div><div class='TestOutput inf'>Start of Interact.  Connection: InternalQA, Locator: ui:locator?name=TextBox_searchServiceType, before wait: default, after wait: default, auto retry: null</div><div class='TestOutput inf'>Locator: ui:locator?name=TextBox_searchServiceType</div><div class='TestOutput inf'>Interaction: ui:interaction?name=set</div><div class='TestOutput inf'>Switched focus to frame.  Window: main, Selector: //iframe[@id='ext-comp-1044'], URL: https://incapsulate311-sat-dev-ed--incap311sc.na53.visual.force.com/apex/AgentConsole?isdtp=vw&sfdcIFrameOrigin=https%3A%2F%2Fincapsulate311-sat-dev-ed.my.salesforce.com&isWsVw=true&nonce=cd12287b59e6107a58d3972d605ac7ec617a6e2127cd9caf8aeb757092789efe#/services</div><div class='TestOutput inf'>Doing before wait.  waitUrl: default</div><div class='TestOutput inf'>End of &lt;default&gt; wait.</div><div class='TestOutput inf'>waitAnno: @com.provar.core.testapi.annotations.PageObjectWait(implementation=class com.provar.core.testapi.BackgroundActivityWait)</div><div class='TestOutput inf'>Doing background activity wait.  Timeout(seconds): 60, Interval(milliseconds): 500</div><div class='TestOutput off'>Background activity wait successful.  Actual duration(seconds): 0.255</div><div class='TestOutput inf'>Doing after wait.  waitUrl: default</div><div class='TestOutput inf'>Got webElement.  tagName: INPUT, id: searchServiceTypesFilter, type: text, selector: null</div><div class='TestOutput inf'>Typing value.  tagName: INPUT, type: text, value: Provar POC 5, blur: false, selector: null</div><div class='TestOutput inf'>Doing after wait.  waitUrl: default</div><div class='TestOutput inf'>waitAnno: @com.provar.core.testapi.annotations.PageObjectWait(implementation=class com.provar.core.testapi.FieldWait)</div><div class='TestOutput inf'>End of &lt;default&gt; wait.</div><div class='TestItemOutcome Successful'><div style='float: right; font-size: 0.8em;'><img src='../..//timer_16x16.gif' style='height: 16; padding-top: 2px;'/><span style='padding-bottom: 2px;'>14:31:32 (00:48.938)</span></div>Test Step successful.</div></div><div class='TestOutput inf'>All Sub-Test Steps were successful.</div><div class='TestOutput inf'>Closing Page context.  Name: screen, data: null, frame: null</div><div class='TestOutput inf'>Main window reselected.  Window: main</div><div class='TestItemOutcome Successful'><div style='float: right; font-size: 0.8em;'><img src='../..//timer_16x16.gif' style='height: 16; padding-top: 2px;'/><span style='padding-bottom: 2px;'>14:31:34 (00:50.965)</span></div>Test Step successful.</div></div><div class='ApiCallImpl'><div class='TestItemTitle'><div style='float: right; font-size: 0.8em;'><img src='../..//timer_16x16.gif' style='height: 16; padding-top: 2px;'/><span style='padding-bottom: 2px;'>14:31:34 (00:50.965)</span></div>Start of Test Step On SF Incap311SC__AgentConsole page with pageobject Incap 311sc__ Agent Console_ Narayan_ Service Type Tab</div><div class='TestOutput inf'>Start of With Screen.  Connection Name: InternalQA, target: sf:ui:target?page=Incap311SC__AgentConsole&pageObject=pageobjects.incap311sc__AgentConsole_Narayan_ServiceTypeTab</div><div class='TestOutput inf'>Opening Page context.  Name: screen, data: null, frame: null</div><div class='TestOutput inf'>Switched focus to main window.  URL: https://incapsulate311-sat-dev-ed.my.salesforce.com/console?tsid=02uf2000001DGlj</div><div class='TestOutput inf'>Found the Primary tab.  Id: scc-pt-3</div><div class='TestOutput inf'>Active secondary container: [[[[ChromeDriver: chrome on XP (d21fcb296bd1d04ca127fbc617071c8c)] -&gt; css selector: div.sd_nav_tabpanel_body &gt; div:not(.x-hide-display):not(.x-hide-offsets)]] -&gt; css selector: div.sd_secondary_container:not(.x-hide-display):not(.x-hide-offsets)]</div><div class='TestOutput inf'>Switched focus to frame.  Window: main, Selector: //iframe[@id='ext-comp-1044'], URL: https://incapsulate311-sat-dev-ed--incap311sc.na53.visual.force.com/apex/AgentConsole?isdtp=vw&sfdcIFrameOrigin=https%3A%2F%2Fincapsulate311-sat-dev-ed.my.salesforce.com&isWsVw=true&nonce=cd12287b59e6107a58d3972d605ac7ec617a6e2127cd9caf8aeb757092789efe#/services</div><div class='ApiCallImpl'><div class='TestItemTitle'><div style='float: right; font-size: 0.8em;'><img src='../..//timer_16x16.gif' style='height: 16; padding-top: 2px;'/><span style='padding-bottom: 2px;'>14:31:34 (00:51.086)</span></div>Start of Test Step Call the selectSRType method</div><div style='float: right;' ><a target='_blank' href='../../Artifacts/ScreenShot18'><img style='width: 150px; border: solid 2px grey;' src='../../Artifacts/ScreenShot18'></img></a></div><div class='TestOutput inf'>Start of Interact.  Connection: InternalQA, Locator: ui:pageobject:method?pageId=pageobjects.incap311sc__AgentConsole_Narayan_ServiceTypeTab&operation=selectSRType, before wait: null, after wait: null, auto retry: null</div><div class='TestOutput inf'>Locator: ui:pageobject:method?pageId=pageobjects.incap311sc__AgentConsole_Narayan_ServiceTypeTab&operation=selectSRType</div><div class='TestOutput inf'>Interaction: ui:interaction?name=invoke</div><div class='TestOutput inf'>Switched focus to frame.  Window: main, Selector: //iframe[@id='ext-comp-1044'], URL: https://incapsulate311-sat-dev-ed--incap311sc.na53.visual.force.com/apex/AgentConsole?isdtp=vw&sfdcIFrameOrigin=https%3A%2F%2Fincapsulate311-sat-dev-ed.my.salesforce.com&isWsVw=true&nonce=cd12287b59e6107a58d3972d605ac7ec617a6e2127cd9caf8aeb757092789efe#/services</div><div class='TestOutput inf'>Doing before wait.  waitUrl: default</div><div class='TestOutput inf'>End of &lt;default&gt; wait.</div><div class='TestOutput inf'>Doing after wait.  waitUrl: default</div><div class='TestOutput inf'>Got Page Object.  Class: pageobjects.incap311sc__AgentConsole_Narayan_ServiceTypeTab</div><div class='TestOutput inf'>Extracted arg value.  Arg Name: param_SRTName, value: Provar-POC-3</div><div class='TestOutput sev'>The Operation failed.  Page Object: pageobjects.incap311sc__AgentConsole_Narayan_ServiceTypeTab, operation: selectSRType, cause: [NoSuchElementException: no such element: Unable to locate element: {"method":"xpath","selector":"//*[contains(text(),'Provar-POC-3')]"}&lt;br/&gt;  (Session info: chrome=71.0.3578.98)&lt;br/&gt;  (Driver info: chromedriver=2.44.609531 (fa3b87cc47fe677d092faa6b83b7d2699346d455),platform=Windows NT 10.0.17134 x86_64) (WARNING: The server did not provide any stacktrace information)&lt;br/&gt;Command duration or timeout: 15 milliseconds&lt;br/&gt;For documentation on this error, please visit: http://seleniumhq.org/exceptions/no_such_element.html&lt;br/&gt;Build info: version: 'unknown', revision: 'unknown', time: 'unknown'&lt;br/&gt;System info: host: 'DESKTOP-FH6FHVE', ip: '10.0.0.137', os.name: 'Windows 10', os.arch: 'amd64', os.version: '10.0', java.version: '1.8.0_191'&lt;br/&gt;Driver info: org.openqa.selenium.chrome.ChromeDriver&lt;br/&gt;Capabilities [{mobileEmulationEnabled=false, hasTouchScreen=false, platform=XP, acceptSslCerts=false, goog:chromeOptions={debuggerAddress=localhost:62464}, acceptInsecureCerts=false, webStorageEnabled=true, browserName=chrome, takesScreenshot=true, javascriptEnabled=true, setWindowRect=true, unexpectedAlertBehaviour=ignore, applicationCacheEnabled=false, rotatable=false, networkConnectionEnabled=false, chrome={chromedriverVersion=2.44.609531 (fa3b87cc47fe677d092faa6b83b7d2699346d455), userDataDir=C:\Users\Incapsulate\git\Jenkins-Provar-test\.provarCaches\.chromeProfiles\profile6}, takesHeapSnapshot=true, pageLoadStrategy=normal, databaseEnabled=false, handlesAlerts=true, version=71.0.3578.98, browserConnectionEnabled=false, nativeEvents=true, locationContextEnabled=true, cssSelectorsEnabled=true}]&lt;br/&gt;Session ID: d21fcb296bd1d04ca127fbc617071c8c&lt;br/&gt;*** Element info: {Using=xpath, value=//*[contains(text(),'Provar-POC-3')]}], stack trace: java.lang.reflect.InvocationTargetException&lt;br/&gt;	at sun.reflect.NativeMethodAccessorImpl.invoke0(Native Method)&lt;br/&gt;	at sun.reflect.NativeMethodAccessorImpl.invoke(NativeMethodAccessorImpl.java:62)&lt;br/&gt;	at sun.reflect.DelegatingMethodAccessorImpl.invoke(DelegatingMethodAccessorImpl.java:43)&lt;br/&gt;	at java.lang.reflect.Method.invoke(Method.java:498)&lt;br/&gt;	at com.provar.plugins.forcedotcom.core.ui.SeleniumUiHandler.performInvokeInteraction(SeleniumUiHandler.java:3253)&lt;br/&gt;	at com.provar.plugins.forcedotcom.core.ui.SeleniumUiHandler.performInteraction(SeleniumUiHandler.java:2104)&lt;br/&gt;	at com.provar.plugins.forcedotcom.core.ui.SfUiHandler.performInteraction(SfUiHandler.java:4050)&lt;br/&gt;	at com.provar.plugins.forcedotcom.core.ui.SeleniumUiHandler.performInteraction(SeleniumUiHandler.java:1886)&lt;br/&gt;	at com.provar.plugins.forcedotcom.core.ui.SfUiHandler.performInteraction(SfUiHandler.java:4014)&lt;br/&gt;	at com.provar.plugins.forcedotcom.core.ui.SeleniumUiHandler.perform(SeleniumUiHandler.java:393)&lt;br/&gt;	at com.provar.plugins.forcedotcom.core.connection.SfConnectionHandler.delegateToUiHandler(SfConnectionHandler.java:354)&lt;br/&gt;	at com.provar.plugins.forcedotcom.core.connection.SfConnectionHandler.perform(SfConnectionHandler.java:343)&lt;br/&gt;	at com.provar.core.testexecution.common.java.TestExecutionContextImpl.doConnectionOperation(TestExecutionContextImpl.java:813)&lt;br/&gt;	at com.provar.plugins.forcedotcom.core.ui.UiDoAction.execute(UiDoAction.java:167)&lt;br/&gt;	at sun.reflect.GeneratedMethodAccessor73.invoke(Unknown Source)&lt;br/&gt;	at sun.reflect.DelegatingMethodAccessorImpl.invoke(DelegatingMethodAccessorImpl.java:43)&lt;br/&gt;	at java.lang.reflect.Method.invoke(Method.java:498)&lt;br/&gt;	at com.provar.core.testexecution.container.java.TestExecutionContainerImpl.invokeTestApi(TestExecutionContainerImpl.java:644)&lt;br/&gt;	at com.provar.core.testexecution.container.java.LocalTestExecutionContainerRunner.doInvokeTestApi(LocalTestExecutionContainerRunner.java:617)&lt;br/&gt;	at com.provar.core.testexecution.container.java.LocalTestExecutionContainerRunner.access$9(LocalTestExecutionContainerRunner.java:563)&lt;br/&gt;	at com.provar.core.testexecution.container.java.LocalTestExecutionContainerRunner$MessageProcessor.run(LocalTestExecutionContainerRunner.java:1166)&lt;br/&gt;Caused by: org.openqa.selenium.NoSuchElementException: no such element: Unable to locate element: {"method":"xpath","selector":"//*[contains(text(),'Provar-POC-3')]"}&lt;br/&gt;  (Session info: chrome=71.0.3578.98)&lt;br/&gt;  (Driver info: chromedriver=2.44.609531 (fa3b87cc47fe677d092faa6b83b7d2699346d455),platform=Windows NT 10.0.17134 x86_64) (WARNING: The server did not provide any stacktrace information)&lt;br/&gt;Command duration or timeout: 15 milliseconds&lt;br/&gt;For documentation on this error, please visit: http://seleniumhq.org/exceptions/no_such_element.html&lt;br/&gt;Build info: version: 'unknown', revision: 'unknown', time: 'unknown'&lt;br/&gt;System info: host: 'DESKTOP-FH6FHVE', ip: '10.0.0.137', os.name: 'Windows 10', os.arch: 'amd64', os.version: '10.0', java.version: '1.8.0_191'&lt;br/&gt;Driver info: org.openqa.selenium.chrome.ChromeDriver&lt;br/&gt;Capabilities [{mobileEmulationEnabled=false, hasTouchScreen=false, platform=XP, acceptSslCerts=false, goog:chromeOptions={debuggerAddress=localhost:62464}, acceptInsecureCerts=false, webStorageEnabled=true, browserName=chrome, takesScreenshot=true, javascriptEnabled=true, setWindowRect=true, unexpectedAlertBehaviour=ignore, applicationCacheEnabled=false, rotatable=false, networkConnectionEnabled=false, chrome={chromedriverVersion=2.44.609531 (fa3b87cc47fe677d092faa6b83b7d2699346d455), userDataDir=C:\Users\Incapsulate\git\Jenkins-Provar-test\.provarCaches\.chromeProfiles\profile6}, takesHeapSnapshot=true, pageLoadStrategy=normal, databaseEnabled=false, handlesAlerts=true, version=71.0.3578.98, browserConnectionEnabled=false, nativeEvents=true, locationContextEnabled=true, cssSelectorsEnabled=true}]&lt;br/&gt;Session ID: d21fcb296bd1d04ca127fbc617071c8c&lt;br/&gt;*** Element info: {Using=xpath, value=//*[contains(text(),'Provar-POC-3')]}&lt;br/&gt;	at sun.reflect.GeneratedConstructorAccessor109.newInstance(Unknown Source)&lt;br/&gt;	at sun.reflect.DelegatingConstructorAccessorImpl.newInstance(DelegatingConstructorAccessorImpl.java:45)&lt;br/&gt;	at java.lang.reflect.Constructor.newInstance(Constructor.java:423)&lt;br/&gt;	at org.openqa.selenium.remote.ErrorHandler.createThrowable(ErrorHandler.java:215)&lt;br/&gt;	at org.openqa.selenium.remote.ErrorHandler.throwIfResponseFailed(ErrorHandler.java:167)&lt;br/&gt;	at org.openqa.selenium.remote.RemoteWebDriver.execute(RemoteWebDriver.java:671)&lt;br/&gt;	at org.openqa.selenium.remote.RemoteWebDriver.findElement(RemoteWebDriver.java:410)&lt;br/&gt;	at org.openqa.selenium.remote.RemoteWebDriver.findElementByXPath(RemoteWebDriver.java:509)&lt;br/&gt;	at org.openqa.selenium.By$ByXPath.findElement(By.java:361)&lt;br/&gt;	at org.openqa.selenium.remote.RemoteWebDriver.findElement(RemoteWebDriver.java:402)&lt;br/&gt;	at pageobjects.incap311sc__AgentConsole_Narayan_ServiceTypeTab.selectSRType(incap311sc__AgentConsole_Narayan_ServiceTypeTab.java:53)&lt;br/&gt;	... 21 more&lt;br/&gt;</div><div class='TestOutput inf'>Doing after wait.  waitUrl: default</div><div class='TestOutput inf'>End of &lt;default&gt; wait.</div><div class='TestItemOutcome Failed'><div style='float: right; font-size: 0.8em;'><img src='../..//timer_16x16.gif' style='height: 16; padding-top: 2px;'/><span style='padding-bottom: 2px;'>14:31:38 (00:55.013)</span></div>Test Step failed.</div></div><div class='TestOutput sev'>One or more Sub-Test Steps failed.</div><div class='TestOutput inf'>Closing Page context.  Name: screen, data: null, frame: null</div><div class='TestOutput inf'>Main window reselected.  Window: main</div><div class='TestItemOutcome Failed'><div style='float: right; font-size: 0.8em;'><img src='../..//timer_16x16.gif' style='height: 16; padding-top: 2px;'/><span style='padding-bottom: 2px;'>14:31:40 (00:57.042)</span></div>Test Step failed.</div></div><div class='ApiCallImpl'><div class='TestItemTitle'>Test Step On SF Incap311SC__AgentConsole page with pageobject Incap 311sc__ Agent Console_ Narayan_ Details Tab SKIPPED</div></div><div class='TestItemOutcome Failed'><div style='float: right; font-size: 0.8em;'><img src='../..//timer_16x16.gif' style='height: 16; padding-top: 2px;'/><span style='padding-bottom: 2px;'>14:31:40 (00:57.049)</span></div>Test Step failed.</div></div><div class='ApiCallImpl'><div class='TestItemTitle'>Test Step Sleep for {10} seconds SKIPPED</div></div><div class='ApiCallImpl'><div class='TestItemTitle'>Test Step On SF Service Request View screen SKIPPED</div></div><div class='ApiCallImpl'><div class='TestItemTitle'>Test Step Set Values: case_number SKIPPED</div></div><div class='ApiCallImpl'><div class='TestItemTitle'>Test Step Check for new SKIPPED</div></div><div class='ApiCallImpl'><div class='TestItemTitle'>Test Step Check for Working SKIPPED</div></div><div class='ApiCallImpl'><div class='TestItemTitle'>Test Step Check for Escalated SKIPPED</div></div><div class='ApiCallImpl'><div class='TestItemTitle'>Test Step Check for Hold SKIPPED</div></div><div class='ApiCallImpl'><div class='TestItemTitle'>Test Step Check for Open SKIPPED</div></div><div class='TestItemOutcome Failed'><div style='float: right; font-size: 0.8em;'><img src='../..//timer_16x16.gif' style='height: 16; padding-top: 2px;'/><span style='padding-bottom: 2px;'>14:31:40 (00:57.049)</span></div>Test Case failed.</div></div><div class='TestOutput inf'>Closing Salesforce Connection.  Name: InternalQA</div><div class='TestOutput inf'>Closing Salesforce Connection because it is no longer being used.  Name: InternalQA</div><div class='TestOutput inf'>Closing Web Connection.</div><div class='TestOutput inf'>Closing Selenium driver</div><div class='TestOutput inf'>Shutting down Soap Connections.  logFilePath: SAT_Dev_Admin_311-objectids.log</div><div class='TestOutput inf'>No Object Ids were logged.  LogFile: SAT_Dev_Admin_311-objectids.log</div><div class='TestOutput off'>Salesforce Connection closed successfully.  Name: InternalQA</div>
	</div></body>
</html>
