<html>
	<head>
		<style>

			body {
				font-family: sans-serif;
			}

			.TestCaseImplTitle {
				color: blue;
				font: 0.85em arial;
				font-weight: bold;
			}

			.TestCaseImpl .TestItemTitle {
				color: blue;
				border-top: 2px solid blue;
				border-bottom: 2px solid blue;
				margin-bottom: 0.5em;
			}

			.TestCaseImpl .TestItemOutcome {
				border-top: 2px solid blue;
				border-bottom: 2px solid blue;
			}

			.ApiCallImpl .TestItemTitle{
				color: blue;
				border-top: 1px solid blue;
				border-bottom: 1px solid blue;
				padding-top: 0.1em;
				padding-bottom: 0.1em;
				margin-top: 0.25em;
				margin-bottom: 0.25em;
			}

			.ApiCallImpl .TestItemOutcome {
				border-top: 1px solid blue;
				border-bottom: 1px solid blue;
				padding-top: 0.1em;
				padding-bottom: 0.1em;
				margin-top: 0.25em;
			}

			.TestItemOutcome {
				padding-left: 20px;
				padding-top: 0.1em;
				padding-bottom: 0.1em;
				clear: both;
			}
			
			.TestItemOutcome.Successful {
				color: green;
				background: url('../../successful_16x16.gif') no-repeat 0 0.15em;
			}

			.TestItemOutcome.Failed {
				color: red;
				background: url('../../failed_16x16.gif') no-repeat 0 0.15em;
				font-weight: bold;
			}

			.TestItemOutcome.Skipped {
				color: orange;
				background: url('../../skipped_16x16.gif') no-repeat 0 0.15em;
			}

			.TestOutput {
				font: 0.9em arial;
				color: black;
				margin-top: 0.15em;
				margin-bottom: 0.15em;
			}

			.TestOutput.err {
				font-weight: bold;
				color: red;
			}

			.TestOutput.war {
				font-weight: bold;
				color: orange;
			}

			.ApiCallImpl{
				margin-left: 1em;
				margin-bottom: 0.4em;
			}

			.TestCaseCallImpl{
				margin-left: 1em;
				margin-bottom: 0.4em;
			}
			
		</style>
	</head>
	<body><div id='detail-body'>
	<div style='float: right;'><img src='../..//provar_logo_400x100.png' height='50'/></div>
<h2><img src='../..//testcase_16x16.png' style='height: 24; padding-top: 4px;'/> C1492-AddressCanBeSearchedWithCityStateAndLocation.testcase</h2>
<div class='TestCaseImpl'><div class='TestItemTitle'><div style='float: right; font-size: 0.8em;'><img src='../..//timer_16x16.gif' style='height: 16; padding-top: 2px;'/><span style='padding-bottom: 2px;'>13:38:19 (00:00.000)</span></div>Start of Test Case C1492-AddressCanBeSearchedWithCityStateAndLocation.testcase</div><div class='ApiCallImpl'><div class='TestItemTitle'><div style='float: right; font-size: 0.8em;'><img src='../..//timer_16x16.gif' style='height: 16; padding-top: 2px;'/><span style='padding-bottom: 2px;'>13:38:19 (00:00.005)</span></div>Start of Test Step Set Values: LocationUsed</div><div class='TestOutput inf'>Setting value LocationUsed, value: 505 MAIN ST, DALLAS, 75202</div><div class='TestItemOutcome Successful'><div style='float: right; font-size: 0.8em;'><img src='../..//timer_16x16.gif' style='height: 16; padding-top: 2px;'/><span style='padding-bottom: 2px;'>13:38:19 (00:00.012)</span></div>Test Step successful.</div></div><div class='ApiCallImpl'><div class='TestItemTitle'><div style='float: right; font-size: 0.8em;'><img src='../..//timer_16x16.gif' style='height: 16; padding-top: 2px;'/><span style='padding-bottom: 2px;'>13:38:19 (00:00.012)</span></div>Start of Test Step Salesforce Connect: QA (Test)</div><div class='TestOutput inf'>Opening Salesforce connection  Connection name: SAT_Dev_Admin_311</div><div class='TestOutput inf'>Connection details.  Connection name: SAT_Dev_Admin_311, urlString: sf:user=vbevara.311.sat@incapsulate.com.capsule;password={password};securityToken={securityToken};environment=PROD_DEV;userLoginUrl=https://incapsulate311-sat-dev-ed.my.salesforce.com/;webBaseUrl=https://incapsulate311-sat-dev-ed.my.salesforce.com/, environment: &lt;default&gt;, userName: vbevara.311.sat@incapsulate.com.capsule, password: [supplied], securityToken: [supplied]</div><div class='TestOutput inf'>Created Object ID log file.  Path: C:\Users\Incapsulate\git\Jenkins-Provar-test\R4-1\ANT\..\ANT\Results\Artifacts\SAT_Dev_Admin_311-objectids.log</div><div class='TestOutput off'>Salesforce connection opened successfully.  Connection name: SAT_Dev_Admin_311, ResultName: QA, resultScope: Test</div><div class='TestItemOutcome Successful'><div style='float: right; font-size: 0.8em;'><img src='../..//timer_16x16.gif' style='height: 16; padding-top: 2px;'/><span style='padding-bottom: 2px;'>13:38:23 (00:03.891)</span></div>Test Step successful.</div></div><div class='ApiCallImpl'><div class='TestItemTitle'><div style='float: right; font-size: 0.8em;'><img src='../..//timer_16x16.gif' style='height: 16; padding-top: 2px;'/><span style='padding-bottom: 2px;'>13:38:23 (00:03.891)</span></div>Start of Test Step CreateSR</div><div class='ApiCallImpl'><div class='TestItemTitle'><div style='float: right; font-size: 0.8em;'><img src='../..//timer_16x16.gif' style='height: 16; padding-top: 2px;'/><span style='padding-bottom: 2px;'>13:38:23 (00:03.898)</span></div>Start of Test Step On SF Cases tab (Code Compliance Administration)</div><div class='TestOutput inf'>Start of With Screen.  Connection Name: QA, target: sf:ui:target?object=Case&action=List&application=X311_Console&tab=standard-Case&listView=Code_Compliance_Administration_Case</div><div class='TestOutput inf'>Using executable from Test Project lib folder.  executable: C:\Users\Incapsulate\git\Jenkins-Provar-test\R4-1\lib\chromedriver.exe</div><div class='TestOutput inf'>Added Chrome command line switch to bypass proxy for local addresses: --proxy-bypass-list=localhost,127.0.0.1,192.168.1.6</div><div class='TestOutput inf'>Added Desired Capability for chrome browser proxy: null</div><div class='TestOutput inf'>Successfully opened Chrome WebDriver to https://incapsulate311-sat-dev-ed.my.salesforce.com/.</div><div class='TestOutput inf'>Opening Salesforce Tab.  Tab Name: standard-Case, Url: /500/o</div><div class='TestOutput inf'>Opening Page context.  Name: screen, data: null, frame: null</div><div class='TestOutput inf'>Opening page.  URL: https://incapsulate311-sat-dev-ed.my.salesforce.com/?un=vbevara.311.sat%40incapsulate.com.capsule&pw={password}&startURL=%2Fconsole%3Ftsid%3D02uf2000001DGlj</div><div class='TestOutput inf'>Start of waitForPageToLoad.  Timeout(ms): 90000</div><div class='TestOutput inf'>Reattempting of waitForPageToLoad.  Timeout(ms): 90000</div><div class='TestOutput inf'>End of waitForPageToLoad.  Duration(ms): 15</div><div class='TestOutput inf'>Start of waitForPageToLoad.  Timeout(ms): 90000</div><div class='TestOutput inf'>Reattempting of waitForPageToLoad.  Timeout(ms): 90000</div><div class='TestOutput inf'>End of waitForPageToLoad.  Duration(ms): 16</div><div class='TestOutput inf'>Injecting script to close tabs</div><div class='TestOutput inf'>Got sid cookie: sid=00Df2000001KKNJ!ARMAQBHig3nfzgbpzaeCFvVNn3bzD8DGM.CPWuICEzXwSpEpkf9ZJvO7L7.JLriU.X0HDmLoek0d9Zrn.GSZfhpv.9WxNLi4; path=/; domain=incapsulate311-sat-dev-ed.my.salesforce.com;secure;</div><div class='TestOutput inf'>Switched focus to main window.  URL: https://incapsulate311-sat-dev-ed.my.salesforce.com/console?tsid=02uf2000001DGlj</div><div class='TestOutput inf'>Opening Salesforce Console Page.</div><div class='TestOutput inf'>Switched focus to main window.  URL: https://incapsulate311-sat-dev-ed.my.salesforce.com/console?tsid=02uf2000001DGlj</div><div class='TestOutput inf'>Switched focus to frame.  Window: main, Selector: //iframe[@id='ext-comp-1005'], URL: https://incapsulate311-sat-dev-ed.my.salesforce.com/500?fcf=00Bf2000007whM3&rolodexIndex=-1&page=1&isdtp=nv&nonce=e2da4a11b8d9f15acb27c13be33cb781dbeb0b3f3b75d29321d4e07c85b5bee7&sfdcIFrameOrigin=https%3A%2F%2Fincapsulate311-sat-dev-ed.my.salesforce.com</div><div class='TestOutput inf'>Clicking WebElement using Javascript Click.  WebElement: WebElement [tag: a, href: javascript:void(0);]</div><div class='TestOutput inf'>The List view toggle was clicked successfully.</div><div class='TestOutput inf'>Selected list view.  Object: Case, List View: Code_Compliance_Administration_Case</div><div class='ApiCallImpl'><div class='TestItemTitle'><div style='float: right; font-size: 0.8em;'><img src='../..//timer_16x16.gif' style='height: 16; padding-top: 2px;'/><span style='padding-bottom: 2px;'>13:38:58 (00:39.048)</span></div>Start of Test Step Click the New Case button</div><div class='TestOutput inf'>Start of Interact.  Connection: QA, Locator: ui:locator?name=NewCase&binding=sf%3Aui%3Abinding%3Aobject%3Fobject%3DCase%26action%3DNewCase, before wait: default, after wait: default, auto retry: null</div><div class='TestOutput inf'>Browser window has been opened.  Name: main</div><div class='TestOutput inf'>Locator: ui:locator?name=NewCase&binding=sf%3Aui%3Abinding%3Aobject%3Fobject%3DCase%26action%3DNewCase</div><div class='TestOutput inf'>Interaction: ui:interaction?name=action</div><div class='TestOutput inf'>Switched focus to frame.  Window: main, Selector: //iframe[@id='ext-comp-1005'], URL: https://incapsulate311-sat-dev-ed.my.salesforce.com/500?fcf=00Bf2000007whM3&rolodexIndex=-1&page=1&isdtp=nv&nonce=e2da4a11b8d9f15acb27c13be33cb781dbeb0b3f3b75d29321d4e07c85b5bee7&sfdcIFrameOrigin=https%3A%2F%2Fincapsulate311-sat-dev-ed.my.salesforce.com</div><div class='TestOutput inf'>Doing before wait.  waitUrl: default</div><div class='TestOutput inf'>End of &lt;default&gt; wait.</div><div class='TestOutput inf'>Doing after wait.  waitUrl: default</div><div class='TestOutput inf'>Getting webElement: By.xpath: //div[contains(@class,'listButtons') or contains(@class,'listHeader')]//input[@name='newCase' or @name='newcase' or (contains(@name,'__newcase') and not(substring-after(@name,'__newcase')))]</div><div class='TestOutput inf'>Clicking WebElement.  WebElement [tag: input, text: New Case]</div><div class='TestOutput inf'>Doing after wait.  waitUrl: default</div><div class='TestOutput inf'>End of &lt;default&gt; wait.</div><div class='TestItemOutcome Successful'><div style='float: right; font-size: 0.8em;'><img src='../..//timer_16x16.gif' style='height: 16; padding-top: 2px;'/><span style='padding-bottom: 2px;'>13:38:58 (00:39.355)</span></div>Test Step successful.</div></div><div class='TestOutput inf'>All Sub-Test Steps were successful.</div><div class='TestOutput inf'>Closing Page context.  Name: screen, data: null, frame: null</div><div class='TestOutput inf'>Main window reselected.  Window: main</div><div class='TestItemOutcome Successful'><div style='float: right; font-size: 0.8em;'><img src='../..//timer_16x16.gif' style='height: 16; padding-top: 2px;'/><span style='padding-bottom: 2px;'>13:39:00 (00:41.389)</span></div>Test Step successful.</div></div><div class='ApiCallImpl'><div class='TestItemTitle'><div style='float: right; font-size: 0.8em;'><img src='../..//timer_16x16.gif' style='height: 16; padding-top: 2px;'/><span style='padding-bottom: 2px;'>13:39:00 (00:41.389)</span></div>Start of Test Step On SF Incap311SC__AgentConsole page with pageobject Incap 311sc__ Agent Console_ Narayan</div><div style='float: right;' ><a target='_blank' href='../../Artifacts/ScreenShot11'><img style='width: 150px; border: solid 2px grey;' src='../../Artifacts/ScreenShot11'></img></a></div><div class='TestOutput inf'>Start of With Screen.  Connection Name: QA, target: sf:ui:target?page=Incap311SC__AgentConsole&pageObject=pageobjects.incap311sc__AgentConsole_Narayan</div><div class='TestOutput inf'>Opening Page context.  Name: screen, data: null, frame: null</div><div class='TestOutput inf'>Switched focus to main window.  URL: https://incapsulate311-sat-dev-ed.my.salesforce.com/console?tsid=02uf2000001DGlj</div><div class='TestOutput inf'>Waited for Console tabs to finish loading.  Attempts: 2, duration: 2.013</div><div class='TestOutput inf'>Found the Primary tab.  Id: ext-comp-1004</div><div class='TestOutput inf'>Active secondary container: null</div><div class='TestOutput sev'>Error opening Salesforce UI Connection.  Connection Name: SAT_Dev_Admin_311, cause: [TimeoutException: Expected condition failed: waiting for visibility of element located by By.cssSelector: div.sd_secondary_container:not(.x-hide-display):not(.x-hide-offsets) iframe (tried for 5 second(s) with 500 MILLISECONDS interval), NoSuchElementException: no such element: Unable to locate element: {"method":"css selector","selector":"div.sd_secondary_container:not(.x-hide-display):not(.x-hide-offsets) iframe"}&lt;br/&gt;  (Session info: chrome=71.0.3578.98)&lt;br/&gt;  (Driver info: chromedriver=2.44.609531 (fa3b87cc47fe677d092faa6b83b7d2699346d455),platform=Windows NT 10.0.17134 x86_64) (WARNING: The server did not provide any stacktrace information)&lt;br/&gt;Command duration or timeout: 9 milliseconds&lt;br/&gt;For documentation on this error, please visit: http://seleniumhq.org/exceptions/no_such_element.html&lt;br/&gt;Build info: version: 'unknown', revision: 'unknown', time: 'unknown'&lt;br/&gt;System info: host: 'DESKTOP-FH6FHVE', ip: '192.168.1.6', os.name: 'Windows 10', os.arch: 'amd64', os.version: '10.0', java.version: '1.8.0_191'&lt;br/&gt;Driver info: org.openqa.selenium.chrome.ChromeDriver&lt;br/&gt;Capabilities [{mobileEmulationEnabled=false, hasTouchScreen=false, platform=XP, acceptSslCerts=false, goog:chromeOptions={debuggerAddress=localhost:55792}, acceptInsecureCerts=false, webStorageEnabled=true, browserName=chrome, takesScreenshot=true, javascriptEnabled=true, setWindowRect=true, unexpectedAlertBehaviour=ignore, applicationCacheEnabled=false, rotatable=false, networkConnectionEnabled=false, chrome={chromedriverVersion=2.44.609531 (fa3b87cc47fe677d092faa6b83b7d2699346d455), userDataDir=C:\Users\Incapsulate\git\Jenkins-Provar-test\.provarCaches\.chromeProfiles\profile4}, takesHeapSnapshot=true, pageLoadStrategy=normal, databaseEnabled=false, handlesAlerts=true, version=71.0.3578.98, browserConnectionEnabled=false, nativeEvents=true, locationContextEnabled=true, cssSelectorsEnabled=true}]&lt;br/&gt;Session ID: ca83243bece28d24d078fb61db3be917&lt;br/&gt;*** Element info: {Using=css selector, value=div.sd_secondary_container:not(.x-hide-display):not(.x-hide-offsets) iframe}]</div><div class='TestOutput inf'>Sending screenshot.  Data length: 227930</div><div class='ApiCallImpl'><div class='TestItemTitle'><div style='float: right; font-size: 0.8em;'><img src='../..//timer_16x16.gif' style='height: 16; padding-top: 2px;'/><span style='padding-bottom: 2px;'>13:39:08 (00:49.394)</span></div>Start of Test Step Click the Link_submit Request button</div><div style='float: right;' ><a target='_blank' href='../../Artifacts/ScreenShot12'><img style='width: 150px; border: solid 2px grey;' src='../../Artifacts/ScreenShot12'></img></a></div><div class='TestOutput inf'>Start of Interact.  Connection: QA, Locator: ui:locator?name=Link_submitRequest, before wait: default, after wait: default, auto retry: null</div><div class='TestOutput inf'>Locator: ui:locator?name=Link_submitRequest</div><div class='TestOutput inf'>Interaction: ui:interaction?name=action</div><div class='TestOutput inf'>Switched focus to main window.  URL: https://incapsulate311-sat-dev-ed.my.salesforce.com/console?tsid=02uf2000001DGlj</div><div class='TestOutput sev'>The containing Screen or Row was not found.</div><div class='TestItemOutcome Failed'><div style='float: right; font-size: 0.8em;'><img src='../..//timer_16x16.gif' style='height: 16; padding-top: 2px;'/><span style='padding-bottom: 2px;'>13:39:12 (00:53.458)</span></div>Test Step failed.</div></div><div class='TestOutput sev'>One or more Sub-Test Steps failed.</div><div class='TestOutput inf'>Closing Page context.  Name: screen, data: null, frame: null</div><div class='TestOutput inf'>Main window reselected.  Window: main</div><div class='TestItemOutcome Failed'><div style='float: right; font-size: 0.8em;'><img src='../..//timer_16x16.gif' style='height: 16; padding-top: 2px;'/><span style='padding-bottom: 2px;'>13:39:14 (00:55.488)</span></div>Test Step failed.</div></div><div class='ApiCallImpl'><div class='TestItemTitle'>Test Step On SF Incap311SC__AgentConsole page with pageobject Incap 311sc__ Agent Console_ Narayan_ Service Type Tab SKIPPED</div></div><div class='ApiCallImpl'><div class='TestItemTitle'>Test Step On SF Incap311SC__AgentConsole page with pageobject Incap 311sc__ Agent Console_ Narayan_ Service Type Tab SKIPPED</div></div><div class='TestItemOutcome Failed'><div style='float: right; font-size: 0.8em;'><img src='../..//timer_16x16.gif' style='height: 16; padding-top: 2px;'/><span style='padding-bottom: 2px;'>13:39:14 (00:55.493)</span></div>Test Step failed.</div></div><div class='TestCaseCallImpl'><div class='TestItemTitle'>Test Case Call Call putLocationAndHandleDuplicates SKIPPED</div></div><div class='ApiCallImpl'><div class='TestItemTitle'>Test Step On SF Incap311SC__AgentConsole page with pageobject Incap 311sc__ Agent Console_ Narayan_ Location Tab SKIPPED</div></div><div class='TestItemOutcome Failed'><div style='float: right; font-size: 0.8em;'><img src='../..//timer_16x16.gif' style='height: 16; padding-top: 2px;'/><span style='padding-bottom: 2px;'>13:39:14 (00:55.494)</span></div>Test Case failed.</div></div><div class='TestOutput inf'>Closing Salesforce Connection.  Name: QA</div><div class='TestOutput inf'>Closing Salesforce Connection because it is no longer being used.  Name: QA</div><div class='TestOutput inf'>Closing Web Connection.</div><div class='TestOutput inf'>Closing Selenium driver</div><div class='TestOutput inf'>Shutting down Soap Connections.  logFilePath: SAT_Dev_Admin_311-objectids.log</div><div class='TestOutput inf'>No Object Ids were logged.  LogFile: SAT_Dev_Admin_311-objectids.log</div><div class='TestOutput off'>Salesforce Connection closed successfully.  Name: QA</div><div class='TestOutput inf'>Loading test case.  File: C:\Users\Incapsulate\git\Jenkins-Provar-test\R4-1\tests\ReusableTests\Console\putLocationAndHandleDuplicates.testcase</div>
	</div></body>
</html>
