<!DOCTYPE html PUBLIC "-//W3C//DTD HTML 4.01 Transitional//EN">
<html xmlns:string="xalan://java.lang.String" xmlns:lxslt="http://xml.apache.org/xslt">
<head>
<META http-equiv="Content-Type" content="text/html; charset=UTF-8">
<title>Unit Test Results.</title>
<style type="text/css">
      body {
        font:normal 68% verdana,arial,helvetica;
        color:#000000;
      }
      table tr td, table tr th {
          font-size: 68%;
      }
      table.details tr th{
        font-weight: bold;
        text-align:left;
        background:#a6caf0;
      }
      table.details tr td{
        background:#eeeee0;
      }

      p {
        line-height:1.5em;
        margin-top:0.5em; margin-bottom:1.0em;
      }
      h1 {
        margin: 0px 0px 5px; font: 165% verdana,arial,helvetica
      }
      h2 {
        margin-top: 1em; margin-bottom: 0.5em; font: bold 125% verdana,arial,helvetica
      }
      h3 {
        margin-bottom: 0.5em; font: bold 115% verdana,arial,helvetica
      }
      h4 {
        margin-bottom: 0.5em; font: bold 100% verdana,arial,helvetica
      }
      h5 {
        margin-bottom: 0.5em; font: bold 100% verdana,arial,helvetica
      }
      h6 {
        margin-bottom: 0.5em; font: bold 100% verdana,arial,helvetica
      }
      .Error {
        font-weight:bold; color:red;
      }
      .Failure {
        font-weight:bold; color:purple;
      }
      .Properties {
        text-align:right;
      }
      </style>
<script type="text/javascript" language="JavaScript">
        var TestCases = new Array();
        var cur;
        
    cur = TestCases['.R4-1/tests'] = new Array();
    
        cur['excludeCallableTestCases'] = 'true';
    
        cur['pluginOutputLevel'] = 'WARNING';
    
        cur['projectCachePath'] = 'C:\\Users\\Incapsulate\\git\\Jenkins-Provar-test\\R4-1\\ANT\\..\\..\\.provarCaches';
    
        cur['projectPath'] = '..';
    
        cur['resultsPath'] = '../ANT/Results';
    
        cur['resultsPathDisposition'] = 'Increment';
    
        cur['salesforceMetadataCache'] = 'Reuse';
    
        cur['testEnvironment'] = '';
    
        cur['testOutputLevel'] = 'WARNING';
    
        cur['webBrowserConfiguration'] = 'Full Screen';
    
        cur['webBrowserType'] = 'Google Chrome';
    </script><script type="text/javascript" language="JavaScript">
        function displayProperties (name) {
          var win = window.open('','JUnitSystemProperties','scrollbars=1,resizable=1');
          var doc = win.document;
          doc.open();
          doc.write("<html><head><title>Properties of " + name + "</title>");
          doc.write("<style>")
          doc.write("body {font:normal 68% verdana,arial,helvetica; color:#000000; }");
          doc.write("table tr td, table tr th { font-size: 68%; }");
          doc.write("table.properties { border-collapse:collapse; border-left:solid 1 #cccccc; border-top:solid 1 #cccccc; padding:5px; }");
          doc.write("table.properties th { text-align:left; border-right:solid 1 #cccccc; border-bottom:solid 1 #cccccc; background-color:#eeeeee; }");
          doc.write("table.properties td { font:normal; text-align:left; border-right:solid 1 #cccccc; border-bottom:solid 1 #cccccc; background-color:#fffffff; }");
          doc.write("h3 { margin-bottom: 0.5em; font: bold 115% verdana,arial,helvetica }");
          doc.write("</style>");
          doc.write("</head><body>");
          doc.write("<h3>Properties of " + name + "</h3>");
          doc.write("<div align=\"right\"><a href=\"javascript:window.close();\">Close</a></div>");
          doc.write("<table class='properties'>");
          doc.write("<tr><th>Name</th><th>Value</th></tr>");
          for (prop in TestCases[name]) {
            doc.write("<tr><th>" + prop + "</th><td>" + TestCases[name][prop] + "</td></tr>");
          }
          doc.write("</table>");
          doc.write("</body></html>");
          doc.close();
          win.focus();
        }
      
      </script>
</head>
<body>
<a name="top"></a>
<h1>Unit Test Results.</h1>
<table width="100%">
<tr>
<td align="left"></td><td align="right">Designed for use with <a href="http://www.junit.org">JUnit</a> and <a href="http://ant.apache.org/ant">Ant</a>.</td>
</tr>
</table>
<hr size="1">
<h2>Summary</h2>
<table class="details" border="0" cellpadding="5" cellspacing="2" width="95%">
<tr valign="top">
<th>Tests</th><th>Failures</th><th>Errors</th><th>Skipped</th><th>Success rate</th><th>Time</th>
</tr>
<tr valign="top" class="Failure">
<td>24</td><td>9</td><td>0</td><td>0</td><td>62.50%</td><td>4616.450</td>
</tr>
</table>
<table border="0" width="95%">
<tr>
<td style="text-align: justify;">
        Note: <i>failures</i> are anticipated and checked for with assertions while <i>errors</i> are unanticipated.
        </td>
</tr>
</table>
<hr size="1" width="95%" align="left">
<h2>Packages</h2>
        Note: package statistics are not computed recursively, they only sum up all of its testsuites numbers.
        <table class="details" border="0" cellpadding="5" cellspacing="2" width="95%">
<tr valign="top">
<th width="80%">Name</th><th>Tests</th><th>Errors</th><th>Failures</th><th>Skipped</th><th nowrap>Time(s)</th><th nowrap>Time Stamp</th><th>Host</th>
</tr>
<tr valign="top" class="Failure">
<td><a href="#"></a></td><td>24</td><td>0</td><td>9</td><td>0</td><td>4616.450</td><td>Thu Dec 27 13:14:51 IST 2018</td><td>DESKTOP-FH6FHVE</td>
</tr>
</table>
<hr size="1" width="95%" align="left">
<a name=""></a>
<h3>Package </h3>
<table class="details" border="0" cellpadding="5" cellspacing="2" width="95%">
<tr valign="top">
<th width="80%">Name</th><th>Tests</th><th>Errors</th><th>Failures</th><th>Skipped</th><th nowrap>Time(s)</th><th nowrap>Time Stamp</th><th>Host</th>
</tr>
<tr valign="top" class="Failure">
<td><a href="#R4-1/tests">R4-1/tests</a></td><td>24</td><td></td><td>9</td><td>0</td><td>4616.450</td><td>Thu Dec 27 13:14:51 IST 2018</td><td>DESKTOP-FH6FHVE</td>
</tr>
</table>
<a href="#top">Back to top</a>
<p></p>
<p></p>
<hr size="1" width="95%" align="left">
<a name="R4-1/tests"></a>
<h3>TestCase R4-1/tests</h3>
<table class="details" border="0" cellpadding="5" cellspacing="2" width="95%">
<tr valign="top">
<th>Name</th><th>Status</th><th width="80%">Type</th><th nowrap>Time(s)</th>
</tr>
<tr valign="top" class="">
<td>C1399-QuestionReusedForDiffSRs.testcase</td><td>Success</td><td></td><td>179.762</td>
</tr>
<tr valign="top" class="">
<td>C1408_C1516-ActivitiesCanBeAddedToSRTypeVersions.testcase</td><td>Success</td><td></td><td>587.641</td>
</tr>
<tr valign="top" class="Error">
<td>C1409_C1410-SameActivityCanBeReUsedOnDifferentSRTypeVersionsOfTheSameSRType.testcase</td><td>Failure</td><td>Execution failed<code>
<br>
<br>Failed to set value.  Cause: The control is not currently editable.  You can use the Activate inline edit interaction to make it editable.</code></td><td>404.775</td>
</tr>
<tr valign="top" class="Error">
<td>C1412-SameActivityCanBeReUsedOnDifferentSRTypes.testcase</td><td>Failure</td><td>Execution failed<code>
<br>
<br>Failed to set value.  Cause: The control is not currently editable.  You can use the Activate inline edit interaction to make it editable.</code></td><td>198.588</td>
</tr>
<tr valign="top" class="">
<td>C1478_IdentifyByRadius.testcase</td><td>Success</td><td></td><td>268.216</td>
</tr>
<tr valign="top" class="">
<td>C1624_C2441-IdentifyByStatus.testcase</td><td>Success</td><td></td><td>424.523</td>
</tr>
<tr valign="top" class="">
<td>C1490-GeoAreaValuesWithLayersAreShownOnMap.testcase</td><td>Success</td><td></td><td>135.092</td>
</tr>
<tr valign="top" class="">
<td>C1491-1-StreetsAreSerachedByStreetName.testcase</td><td>Success</td><td></td><td>111.626</td>
</tr>
<tr valign="top" class="">
<td>C1491-StreetsAreSerachedByNumber.testcase</td><td>Success</td><td></td><td>113.960</td>
</tr>
<tr valign="top" class="">
<td>C1492-AddressCanBeSearchedWithCityStateAndLocation.testcase</td><td>Success</td><td></td><td>113.629</td>
</tr>
<tr valign="top" class="">
<td>c1489(1)StreetAddressLocationCanBeSearchedAsAnAddress.testcase</td><td>Success</td><td></td><td>110.792</td>
</tr>
<tr valign="top" class="">
<td>c1489(2)PlaceNameCommonLocationCanBeSearchedAsAnAddress.testcase</td><td>Success</td><td></td><td>111.342</td>
</tr>
<tr valign="top" class="">
<td>c1489(3)LocationIntersectionCanBeSearchedAsAnAddress.testcase</td><td>Success</td><td></td><td>111.054</td>
</tr>
<tr valign="top" class="">
<td>BoundToFail-BugId2461-CNotInTestRail-ReallocateSRManually.testcase</td><td>Success</td><td></td><td>136.428</td>
</tr>
<tr valign="top" class="Error">
<td>BoundToFail-BugId2461-CNotInTestRail_ReallocationThroughActivities.testcase</td><td>Failure</td><td>Execution failed<code>
<br>
<br>Error doing interaction.  Connection Name: SAT_Dev_Admin_311, cause: [NoSuchElementException: No elements matched the field locator.  Field name: SelectQueueForReallocation<br>For documentation on this error, please visit: http://seleniumhq.org/exceptions/no_such_element.html<br>Build info: version: 'unknown', revision: 'unknown', time: 'unknown'<br>System info: host: 'DESKTOP-FH6FHVE', ip: '10.0.0.137', os.name: 'Windows 10', os.arch: 'amd64', os.version: '10.0', java.version: '1.8.0_191'<br>Driver info: driver.version: ProvarSeleniumDriver]</code></td><td>153.814</td>
</tr>
<tr valign="top" class="">
<td>C1481-Recommendation.testcase</td><td>Success</td><td></td><td>80.863</td>
</tr>
<tr valign="top" class="">
<td>C2439_SRLinkingWhileCreatingSR.testcase</td><td>Success</td><td></td><td>277.887</td>
</tr>
<tr valign="top" class="Error">
<td>C2511 - Can create SR with schedules verify that schedule is created on SR details and capacity is reduced by one in config-schedule.testcase</td><td>Failure</td><td>Execution failed<code>
<br>
<br>Failed to set value.  Cause: The control is not currently editable.  You can use the Activate inline edit interaction to make it editable.</code></td><td>83.610</td>
</tr>
<tr valign="top" class="Error">
<td>C2528 - If multiple schedules are defined user would be able to see multiple buttons, create sr with schedule which is a distant one2.testcase</td><td>Failure</td><td>Execution failed<code>
<br>
<br>Failed to switch focus to the enclosing frame.  Frame Selector: resultsFrame</code></td><td>63.247</td>
</tr>
<tr valign="top" class="">
<td>C2529 - if the capacity monthly is hit user is not able to create sr schedule on console should not be seen.testcase</td><td>Success</td><td></td><td>435.778</td>
</tr>
<tr valign="top" class="Error">
<td>If schedule is not defined, user would not see the buttons.testcase</td><td>Failure</td><td>Execution failed<code>
<br>
<br>Failed to set value.  Cause: The control is not currently editable.  You can use the Activate inline edit interaction to make it editable.</code></td><td>83.582</td>
</tr>
<tr valign="top" class="Error">
<td>If the item is specified within limit then sr is saved.testcase</td><td>Failure</td><td>Execution failed<code>
<br>
<br>Failed to set value.  Cause: The control is not currently editable.  You can use the Activate inline edit interaction to make it editable.</code></td><td>81.355</td>
</tr>
<tr valign="top" class="Error">
<td>If the item limit specified is less specified - error message is shown.testcase</td><td>Failure</td><td>Execution failed<code>
<br>
<br>Failed to set value.  Cause: The control is not currently editable.  You can use the Activate inline edit interaction to make it editable.</code></td><td>85.565</td>
</tr>
<tr valign="top" class="Error">
<td>C1476_C1514-SRStatus.testcase</td><td>Failure</td><td>Execution failed<code>
<br>
<br>The Operation failed.  Page Object: pageobjects.incap311sc__AgentConsole_Narayan_ServiceTypeTab, operation: selectSRType, cause: [NoSuchElementException: no such element: Unable to locate element: {"method":"xpath","selector":"//*[contains(text(),'Provar-POC-3')]"}<br>  (Session info: chrome=71.0.3578.98)<br>  (Driver info: chromedriver=2.44.609531 (fa3b87cc47fe677d092faa6b83b7d2699346d455),platform=Windows NT 10.0.17134 x86_64) (WARNING: The server did not provide any stacktrace information)<br>Command duration or timeout: 15 milliseconds<br>For documentation on this error, please visit: http://seleniumhq.org/exceptions/no_such_element.html<br>Build info: version: 'unknown', revision: 'unknown', time: 'unknown'<br>System info: host: 'DESKTOP-FH6FHVE', ip: '10.0.0.137', os.name: 'Windows 10', os.arch: 'amd64', os.version: '10.0', java.version: '1.8.0_191'<br>Driver info: org.openqa.selenium.chrome.ChromeDriver<br>Capabilities [{mobileEmulationEnabled=false, hasTouchScreen=false, platform=XP, acceptSslCerts=false, goog:chromeOptions={debuggerAddress=localhost:62464}, acceptInsecureCerts=false, webStorageEnabled=true, browserName=chrome, takesScreenshot=true, javascriptEnabled=true, setWindowRect=true, unexpectedAlertBehaviour=ignore, applicationCacheEnabled=false, rotatable=false, networkConnectionEnabled=false, chrome={chromedriverVersion=2.44.609531 (fa3b87cc47fe677d092faa6b83b7d2699346d455), userDataDir=C:\Users\Incapsulate\git\Jenkins-Provar-test\.provarCaches\.chromeProfiles\profile6}, takesHeapSnapshot=true, pageLoadStrategy=normal, databaseEnabled=false, handlesAlerts=true, version=71.0.3578.98, browserConnectionEnabled=false, nativeEvents=true, locationContextEnabled=true, cssSelectorsEnabled=true}]<br>Session ID: d21fcb296bd1d04ca127fbc617071c8c<br>*** Element info: {Using=xpath, value=//*[contains(text(),'Provar-POC-3')]}], stack trace: java.lang.reflect.InvocationTargetException<br>	at sun.reflect.NativeMethodAccessorImpl.invoke0(Native Method)<br>	at sun.reflect.NativeMethodAccessorImpl.invoke(NativeMethodAccessorImpl.java:62)<br>	at sun.reflect.DelegatingMethodAccessorImpl.invoke(DelegatingMethodAccessorImpl.java:43)<br>	at java.lang.reflect.Method.invoke(Method.java:498)<br>	at com.provar.plugins.forcedotcom.core.ui.SeleniumUiHandler.performInvokeInteraction(SeleniumUiHandler.java:3253)<br>	at com.provar.plugins.forcedotcom.core.ui.SeleniumUiHandler.performInteraction(SeleniumUiHandler.java:2104)<br>	at com.provar.plugins.forcedotcom.core.ui.SfUiHandler.performInteraction(SfUiHandler.java:4050)<br>	at com.provar.plugins.forcedotcom.core.ui.SeleniumUiHandler.performInteraction(SeleniumUiHandler.java:1886)<br>	at com.provar.plugins.forcedotcom.core.ui.SfUiHandler.performInteraction(SfUiHandler.java:4014)<br>	at com.provar.plugins.forcedotcom.core.ui.SeleniumUiHandler.perform(SeleniumUiHandler.java:393)<br>	at com.provar.plugins.forcedotcom.core.connection.SfConnectionHandler.delegateToUiHandler(SfConnectionHandler.java:354)<br>	at com.provar.plugins.forcedotcom.core.connection.SfConnectionHandler.perform(SfConnectionHandler.java:343)<br>	at com.provar.core.testexecution.common.java.TestExecutionContextImpl.doConnectionOperation(TestExecutionContextImpl.java:813)<br>	at com.provar.plugins.forcedotcom.core.ui.UiDoAction.execute(UiDoAction.java:167)<br>	at sun.reflect.GeneratedMethodAccessor73.invoke(Unknown Source)<br>	at sun.reflect.DelegatingMethodAccessorImpl.invoke(DelegatingMethodAccessorImpl.java:43)<br>	at java.lang.reflect.Method.invoke(Method.java:498)<br>	at com.provar.core.testexecution.container.java.TestExecutionContainerImpl.invokeTestApi(TestExecutionContainerImpl.java:644)<br>	at com.provar.core.testexecution.container.java.LocalTestExecutionContainerRunner.doInvokeTestApi(LocalTestExecutionContainerRunner.java:617)<br>	at com.provar.core.testexecution.container.java.LocalTestExecutionContainerRunner.access$9(LocalTestExecutionContainerRunner.java:563)<br>	at com.provar.core.testexecution.container.java.LocalTestExecutionContainerRunner$MessageProcessor.run(LocalTestExecutionContainerRunner.java:1166)<br>Caused by: org.openqa.selenium.NoSuchElementException: no such element: Unable to locate element: {"method":"xpath","selector":"//*[contains(text(),'Provar-POC-3')]"}<br>  (Session info: chrome=71.0.3578.98)<br>  (Driver info: chromedriver=2.44.609531 (fa3b87cc47fe677d092faa6b83b7d2699346d455),platform=Windows NT 10.0.17134 x86_64) (WARNING: The server did not provide any stacktrace information)<br>Command duration or timeout: 15 milliseconds<br>For documentation on this error, please visit: http://seleniumhq.org/exceptions/no_such_element.html<br>Build info: version: 'unknown', revision: 'unknown', time: 'unknown'<br>System info: host: 'DESKTOP-FH6FHVE', ip: '10.0.0.137', os.name: 'Windows 10', os.arch: 'amd64', os.version: '10.0', java.version: '1.8.0_191'<br>Driver info: org.openqa.selenium.chrome.ChromeDriver<br>Capabilities [{mobileEmulationEnabled=false, hasTouchScreen=false, platform=XP, acceptSslCerts=false, goog:chromeOptions={debuggerAddress=localhost:62464}, acceptInsecureCerts=false, webStorageEnabled=true, browserName=chrome, takesScreenshot=true, javascriptEnabled=true, setWindowRect=true, unexpectedAlertBehaviour=ignore, applicationCacheEnabled=false, rotatable=false, networkConnectionEnabled=false, chrome={chromedriverVersion=2.44.609531 (fa3b87cc47fe677d092faa6b83b7d2699346d455), userDataDir=C:\Users\Incapsulate\git\Jenkins-Provar-test\.provarCaches\.chromeProfiles\profile6}, takesHeapSnapshot=true, pageLoadStrategy=normal, databaseEnabled=false, handlesAlerts=true, version=71.0.3578.98, browserConnectionEnabled=false, nativeEvents=true, locationContextEnabled=true, cssSelectorsEnabled=true}]<br>Session ID: d21fcb296bd1d04ca127fbc617071c8c<br>*** Element info: {Using=xpath, value=//*[contains(text(),'Provar-POC-3')]}<br>	at sun.reflect.GeneratedConstructorAccessor109.newInstance(Unknown Source)<br>	at sun.reflect.DelegatingConstructorAccessorImpl.newInstance(DelegatingConstructorAccessorImpl.java:45)<br>	at java.lang.reflect.Constructor.newInstance(Constructor.java:423)<br>	at org.openqa.selenium.remote.ErrorHandler.createThrowable(ErrorHandler.java:215)<br>	at org.openqa.selenium.remote.ErrorHandler.throwIfResponseFailed(ErrorHandler.java:167)<br>	at org.openqa.selenium.remote.RemoteWebDriver.execute(RemoteWebDriver.java:671)<br>	at org.openqa.selenium.remote.RemoteWebDriver.findElement(RemoteWebDriver.java:410)<br>	at org.openqa.selenium.remote.RemoteWebDriver.findElementByXPath(RemoteWebDriver.java:509)<br>	at org.openqa.selenium.By$ByXPath.findElement(By.java:361)<br>	at org.openqa.selenium.remote.RemoteWebDriver.findElement(RemoteWebDriver.java:402)<br>	at pageobjects.incap311sc__AgentConsole_Narayan_ServiceTypeTab.selectSRType(incap311sc__AgentConsole_Narayan_ServiceTypeTab.java:53)<br>	... 21 more<br>
</code></td><td>57.049</td>
</tr>
</table>
<div class="Properties">
<a href="javascript:displayProperties('.R4-1/tests');">
                    Properties &raquo;
                </a>
</div>
<p></p>
<a href="#top">Back to top</a>
</body>
</html>
