<?xml version="1.0" encoding="UTF-8"?>
<testsuite name="R4-1/tests" tests="24" failures="9" skipped="0" hostname="DESKTOP-FH6FHVE" time="4616.45" timestamp="Thu Dec 27 13:14:51 IST 2018">
	<properties>
		<property name="excludeCallableTestCases" value="true"/>
		<property name="testEnvironment" value=""/>
		<property name="pluginOutputLevel" value="WARNING"/>
		<property name="projectPath" value=".."/>
		<property name="salesforceMetadataCache" value="Reuse"/>
		<property name="resultsPathDisposition" value="Increment"/>
		<property name="testOutputLevel" value="WARNING"/>
		<property name="webBrowserType" value="Google Chrome"/>
		<property name="resultsPath" value="../ANT/Results"/>
		<property name="webBrowserConfiguration" value="Full Screen"/>
		<property name="projectCachePath" value="C:\Users\Incapsulate\git\Jenkins-Provar-test\R4-1\ANT\..\..\.provarCaches"/>
	</properties>
	<testcase classname="tests/Config\C1399-QuestionReusedForDiffSRs.testcase" name="C1399-QuestionReusedForDiffSRs.testcase" time="179.762">
	</testcase>
	<testcase classname="tests/Config\C1408_C1516-ActivitiesCanBeAddedToSRTypeVersions.testcase" name="C1408_C1516-ActivitiesCanBeAddedToSRTypeVersions.testcase" time="587.641">
	</testcase>
	<testcase classname="tests/Config\C1409_C1410-SameActivityCanBeReUsedOnDifferentSRTypeVersionsOfTheSameSRType.testcase" name="C1409_C1410-SameActivityCanBeReUsedOnDifferentSRTypeVersionsOfTheSameSRType.testcase" time="404.775">
		<failure message="Execution failed"><![CDATA[Failed to set value.  Cause: The control is not currently editable.  You can use the Activate inline edit interaction to make it editable.]]></failure>
	</testcase>
	<testcase classname="tests/Config\C1412-SameActivityCanBeReUsedOnDifferentSRTypes.testcase" name="C1412-SameActivityCanBeReUsedOnDifferentSRTypes.testcase" time="198.588">
		<failure message="Execution failed"><![CDATA[Failed to set value.  Cause: The control is not currently editable.  You can use the Activate inline edit interaction to make it editable.]]></failure>
	</testcase>
	<testcase classname="tests/Duplicates\C1478_IdentifyByRadius.testcase" name="C1478_IdentifyByRadius.testcase" time="268.216">
	</testcase>
	<testcase classname="tests/Duplicates\C1624_C2441-IdentifyByStatus.testcase" name="C1624_C2441-IdentifyByStatus.testcase" time="424.523">
	</testcase>
	<testcase classname="tests/ESRI\C1490-GeoAreaValuesWithLayersAreShownOnMap.testcase" name="C1490-GeoAreaValuesWithLayersAreShownOnMap.testcase" time="135.092">
	</testcase>
	<testcase classname="tests/ESRI\C1491-1-StreetsAreSerachedByStreetName.testcase" name="C1491-1-StreetsAreSerachedByStreetName.testcase" time="111.626">
	</testcase>
	<testcase classname="tests/ESRI\C1491-StreetsAreSerachedByNumber.testcase" name="C1491-StreetsAreSerachedByNumber.testcase" time="113.96">
	</testcase>
	<testcase classname="tests/ESRI\C1492-AddressCanBeSearchedWithCityStateAndLocation.testcase" name="C1492-AddressCanBeSearchedWithCityStateAndLocation.testcase" time="113.629">
	</testcase>
	<testcase classname="tests/ESRI\c1489(1)StreetAddressLocationCanBeSearchedAsAnAddress.testcase" name="c1489(1)StreetAddressLocationCanBeSearchedAsAnAddress.testcase" time="110.792">
	</testcase>
	<testcase classname="tests/ESRI\c1489(2)PlaceNameCommonLocationCanBeSearchedAsAnAddress.testcase" name="c1489(2)PlaceNameCommonLocationCanBeSearchedAsAnAddress.testcase" time="111.342">
	</testcase>
	<testcase classname="tests/ESRI\c1489(3)LocationIntersectionCanBeSearchedAsAnAddress.testcase" name="c1489(3)LocationIntersectionCanBeSearchedAsAnAddress.testcase" time="111.054">
	</testcase>
	<testcase classname="tests/Reallocation\BoundToFail-BugId2461-CNotInTestRail-ReallocateSRManually.testcase" name="BoundToFail-BugId2461-CNotInTestRail-ReallocateSRManually.testcase" time="136.428">
	</testcase>
	<testcase classname="tests/Reallocation\BoundToFail-BugId2461-CNotInTestRail_ReallocationThroughActivities.testcase" name="BoundToFail-BugId2461-CNotInTestRail_ReallocationThroughActivities.testcase" time="153.814">
		<failure message="Execution failed"><![CDATA[Error doing interaction.  Connection Name: SAT_Dev_Admin_311, cause: [NoSuchElementException: No elements matched the field locator.  Field name: SelectQueueForReallocation
For documentation on this error, please visit: http://seleniumhq.org/exceptions/no_such_element.html
Build info: version: 'unknown', revision: 'unknown', time: 'unknown'
System info: host: 'DESKTOP-FH6FHVE', ip: '10.0.0.137', os.name: 'Windows 10', os.arch: 'amd64', os.version: '10.0', java.version: '1.8.0_191'
Driver info: driver.version: ProvarSeleniumDriver]]]></failure>
	</testcase>
	<testcase classname="tests/Recommendation\C1481-Recommendation.testcase" name="C1481-Recommendation.testcase" time="80.863">
	</testcase>
	<testcase classname="tests/Relationships\C2439_SRLinkingWhileCreatingSR.testcase" name="C2439_SRLinkingWhileCreatingSR.testcase" time="277.887">
	</testcase>
	<testcase classname="tests/Schedule\C2511 - Can create SR with schedules verify that schedule is created on SR details and capacity is reduced by one in config-schedule.testcase" name="C2511 - Can create SR with schedules verify that schedule is created on SR details and capacity is reduced by one in config-schedule.testcase" time="83.61">
		<failure message="Execution failed"><![CDATA[Failed to set value.  Cause: The control is not currently editable.  You can use the Activate inline edit interaction to make it editable.]]></failure>
	</testcase>
	<testcase classname="tests/Schedule\C2528 - If multiple schedules are defined user would be able to see multiple buttons, create sr with schedule which is a distant one2.testcase" name="C2528 - If multiple schedules are defined user would be able to see multiple buttons, create sr with schedule which is a distant one2.testcase" time="63.247">
		<failure message="Execution failed"><![CDATA[Failed to switch focus to the enclosing frame.  Frame Selector: resultsFrame]]></failure>
	</testcase>
	<testcase classname="tests/Schedule\C2529 - if the capacity monthly is hit user is not able to create sr schedule on console should not be seen.testcase" name="C2529 - if the capacity monthly is hit user is not able to create sr schedule on console should not be seen.testcase" time="435.778">
	</testcase>
	<testcase classname="tests/Schedule\If schedule is not defined, user would not see the buttons.testcase" name="If schedule is not defined, user would not see the buttons.testcase" time="83.582">
		<failure message="Execution failed"><![CDATA[Failed to set value.  Cause: The control is not currently editable.  You can use the Activate inline edit interaction to make it editable.]]></failure>
	</testcase>
	<testcase classname="tests/Schedule\If the item is specified within limit then sr is saved.testcase" name="If the item is specified within limit then sr is saved.testcase" time="81.355">
		<failure message="Execution failed"><![CDATA[Failed to set value.  Cause: The control is not currently editable.  You can use the Activate inline edit interaction to make it editable.]]></failure>
	</testcase>
	<testcase classname="tests/Schedule\If the item limit specified is less specified - error message is shown.testcase" name="If the item limit specified is less specified - error message is shown.testcase" time="85.565">
		<failure message="Execution failed"><![CDATA[Failed to set value.  Cause: The control is not currently editable.  You can use the Activate inline edit interaction to make it editable.]]></failure>
	</testcase>
	<testcase classname="tests/SRStatuses\C1476_C1514-SRStatus.testcase" name="C1476_C1514-SRStatus.testcase" time="57.049">
		<failure message="Execution failed"><![CDATA[The Operation failed.  Page Object: pageobjects.incap311sc__AgentConsole_Narayan_ServiceTypeTab, operation: selectSRType, cause: [NoSuchElementException: no such element: Unable to locate element: {"method":"xpath","selector":"//*[contains(text(),'Provar-POC-3')]"}
  (Session info: chrome=71.0.3578.98)
  (Driver info: chromedriver=2.44.609531 (fa3b87cc47fe677d092faa6b83b7d2699346d455),platform=Windows NT 10.0.17134 x86_64) (WARNING: The server did not provide any stacktrace information)
Command duration or timeout: 15 milliseconds
For documentation on this error, please visit: http://seleniumhq.org/exceptions/no_such_element.html
Build info: version: 'unknown', revision: 'unknown', time: 'unknown'
System info: host: 'DESKTOP-FH6FHVE', ip: '10.0.0.137', os.name: 'Windows 10', os.arch: 'amd64', os.version: '10.0', java.version: '1.8.0_191'
Driver info: org.openqa.selenium.chrome.ChromeDriver
Capabilities [{mobileEmulationEnabled=false, hasTouchScreen=false, platform=XP, acceptSslCerts=false, goog:chromeOptions={debuggerAddress=localhost:62464}, acceptInsecureCerts=false, webStorageEnabled=true, browserName=chrome, takesScreenshot=true, javascriptEnabled=true, setWindowRect=true, unexpectedAlertBehaviour=ignore, applicationCacheEnabled=false, rotatable=false, networkConnectionEnabled=false, chrome={chromedriverVersion=2.44.609531 (fa3b87cc47fe677d092faa6b83b7d2699346d455), userDataDir=C:\Users\Incapsulate\git\Jenkins-Provar-test\.provarCaches\.chromeProfiles\profile6}, takesHeapSnapshot=true, pageLoadStrategy=normal, databaseEnabled=false, handlesAlerts=true, version=71.0.3578.98, browserConnectionEnabled=false, nativeEvents=true, locationContextEnabled=true, cssSelectorsEnabled=true}]
Session ID: d21fcb296bd1d04ca127fbc617071c8c
*** Element info: {Using=xpath, value=//*[contains(text(),'Provar-POC-3')]}], stack trace: java.lang.reflect.InvocationTargetException
	at sun.reflect.NativeMethodAccessorImpl.invoke0(Native Method)
	at sun.reflect.NativeMethodAccessorImpl.invoke(NativeMethodAccessorImpl.java:62)
	at sun.reflect.DelegatingMethodAccessorImpl.invoke(DelegatingMethodAccessorImpl.java:43)
	at java.lang.reflect.Method.invoke(Method.java:498)
	at com.provar.plugins.forcedotcom.core.ui.SeleniumUiHandler.performInvokeInteraction(SeleniumUiHandler.java:3253)
	at com.provar.plugins.forcedotcom.core.ui.SeleniumUiHandler.performInteraction(SeleniumUiHandler.java:2104)
	at com.provar.plugins.forcedotcom.core.ui.SfUiHandler.performInteraction(SfUiHandler.java:4050)
	at com.provar.plugins.forcedotcom.core.ui.SeleniumUiHandler.performInteraction(SeleniumUiHandler.java:1886)
	at com.provar.plugins.forcedotcom.core.ui.SfUiHandler.performInteraction(SfUiHandler.java:4014)
	at com.provar.plugins.forcedotcom.core.ui.SeleniumUiHandler.perform(SeleniumUiHandler.java:393)
	at com.provar.plugins.forcedotcom.core.connection.SfConnectionHandler.delegateToUiHandler(SfConnectionHandler.java:354)
	at com.provar.plugins.forcedotcom.core.connection.SfConnectionHandler.perform(SfConnectionHandler.java:343)
	at com.provar.core.testexecution.common.java.TestExecutionContextImpl.doConnectionOperation(TestExecutionContextImpl.java:813)
	at com.provar.plugins.forcedotcom.core.ui.UiDoAction.execute(UiDoAction.java:167)
	at sun.reflect.GeneratedMethodAccessor73.invoke(Unknown Source)
	at sun.reflect.DelegatingMethodAccessorImpl.invoke(DelegatingMethodAccessorImpl.java:43)
	at java.lang.reflect.Method.invoke(Method.java:498)
	at com.provar.core.testexecution.container.java.TestExecutionContainerImpl.invokeTestApi(TestExecutionContainerImpl.java:644)
	at com.provar.core.testexecution.container.java.LocalTestExecutionContainerRunner.doInvokeTestApi(LocalTestExecutionContainerRunner.java:617)
	at com.provar.core.testexecution.container.java.LocalTestExecutionContainerRunner.access$9(LocalTestExecutionContainerRunner.java:563)
	at com.provar.core.testexecution.container.java.LocalTestExecutionContainerRunner$MessageProcessor.run(LocalTestExecutionContainerRunner.java:1166)
Caused by: org.openqa.selenium.NoSuchElementException: no such element: Unable to locate element: {"method":"xpath","selector":"//*[contains(text(),'Provar-POC-3')]"}
  (Session info: chrome=71.0.3578.98)
  (Driver info: chromedriver=2.44.609531 (fa3b87cc47fe677d092faa6b83b7d2699346d455),platform=Windows NT 10.0.17134 x86_64) (WARNING: The server did not provide any stacktrace information)
Command duration or timeout: 15 milliseconds
For documentation on this error, please visit: http://seleniumhq.org/exceptions/no_such_element.html
Build info: version: 'unknown', revision: 'unknown', time: 'unknown'
System info: host: 'DESKTOP-FH6FHVE', ip: '10.0.0.137', os.name: 'Windows 10', os.arch: 'amd64', os.version: '10.0', java.version: '1.8.0_191'
Driver info: org.openqa.selenium.chrome.ChromeDriver
Capabilities [{mobileEmulationEnabled=false, hasTouchScreen=false, platform=XP, acceptSslCerts=false, goog:chromeOptions={debuggerAddress=localhost:62464}, acceptInsecureCerts=false, webStorageEnabled=true, browserName=chrome, takesScreenshot=true, javascriptEnabled=true, setWindowRect=true, unexpectedAlertBehaviour=ignore, applicationCacheEnabled=false, rotatable=false, networkConnectionEnabled=false, chrome={chromedriverVersion=2.44.609531 (fa3b87cc47fe677d092faa6b83b7d2699346d455), userDataDir=C:\Users\Incapsulate\git\Jenkins-Provar-test\.provarCaches\.chromeProfiles\profile6}, takesHeapSnapshot=true, pageLoadStrategy=normal, databaseEnabled=false, handlesAlerts=true, version=71.0.3578.98, browserConnectionEnabled=false, nativeEvents=true, locationContextEnabled=true, cssSelectorsEnabled=true}]
Session ID: d21fcb296bd1d04ca127fbc617071c8c
*** Element info: {Using=xpath, value=//*[contains(text(),'Provar-POC-3')]}
	at sun.reflect.GeneratedConstructorAccessor109.newInstance(Unknown Source)
	at sun.reflect.DelegatingConstructorAccessorImpl.newInstance(DelegatingConstructorAccessorImpl.java:45)
	at java.lang.reflect.Constructor.newInstance(Constructor.java:423)
	at org.openqa.selenium.remote.ErrorHandler.createThrowable(ErrorHandler.java:215)
	at org.openqa.selenium.remote.ErrorHandler.throwIfResponseFailed(ErrorHandler.java:167)
	at org.openqa.selenium.remote.RemoteWebDriver.execute(RemoteWebDriver.java:671)
	at org.openqa.selenium.remote.RemoteWebDriver.findElement(RemoteWebDriver.java:410)
	at org.openqa.selenium.remote.RemoteWebDriver.findElementByXPath(RemoteWebDriver.java:509)
	at org.openqa.selenium.By$ByXPath.findElement(By.java:361)
	at org.openqa.selenium.remote.RemoteWebDriver.findElement(RemoteWebDriver.java:402)
	at pageobjects.incap311sc__AgentConsole_Narayan_ServiceTypeTab.selectSRType(incap311sc__AgentConsole_Narayan_ServiceTypeTab.java:53)
	... 21 more
]]></failure>
	</testcase>
</testsuite>
