<?xml version="1.0" encoding="UTF-8"?>
<testsuite name="R4-1/tests" tests="7" failures="2" skipped="0" hostname="DESKTOP-FH6FHVE" time="1590.327" timestamp="Wed Dec 26 17:40:34 IST 2018">
	<properties>
		<property name="excludeCallableTestCases" value="true"/>
		<property name="testEnvironment" value=""/>
		<property name="pluginOutputLevel" value="WARNING"/>
		<property name="projectPath" value=".."/>
		<property name="salesforceMetadataCache" value="Reuse"/>
		<property name="resultsPathDisposition" value="Increment"/>
		<property name="testOutputLevel" value="WARNING"/>
		<property name="webBrowserType" value="Google Chrome"/>
		<property name="resultsPath" value="../ANT/Results"/>
		<property name="webBrowserConfiguration" value="Full Screen"/>
		<property name="projectCachePath" value="C:\Users\Incapsulate\git\Jenkins-Provar-test\R4-1\ANT\..\..\.provarCaches"/>
	</properties>
	<testcase classname="tests/ActivityConsole\C1410_C1450-AbleToAssociateOutcomeWithActivity.testcase" name="C1410_C1450-AbleToAssociateOutcomeWithActivity.testcase" time="565.955">
	</testcase>
	<testcase classname="tests/ActivityConsole\C1448-CheckIfOutcomeReasonSelectionIsDisplayedOutcomeSelection.testcase" name="C1448-CheckIfOutcomeReasonSelectionIsDisplayedOutcomeSelection.testcase" time="121.363">
		<failure message="Execution failed"><![CDATA[Field not found on the screen.  Locator: ProvarFindByElementLocator [by=public org.openqa.selenium.WebElement pageobjects.incap311sc__AgentConsole_Aadil_ServiceTypeTab_ContactInfo.SearchContact]]]></failure>
	</testcase>
	<testcase classname="tests/ActivityConsole\C1449-OutcomeReasonCommentSectionIsDisplayedAndOutcomeIsSavedOnlyWhenCommentsAreSuppliedANDSaveIsNotClickableTillAllmedatoryOutcomeQuestionsAreNotAnswered1.testcase" name="C1449-OutcomeReasonCommentSectionIsDisplayedAndOutcomeIsSavedOnlyWhenCommentsAreSuppliedANDSaveIsNotClickableTillAllmedatoryOutcomeQuestionsAreNotAnswered1.testcase" time="173.544">
	</testcase>
	<testcase classname="tests/ActivityConsole\C1458-CheckIfFinishDateIsPopulatedAndSavedOnOutomeSelection.testcase" name="C1458-CheckIfFinishDateIsPopulatedAndSavedOnOutomeSelection.testcase" time="210.723">
	</testcase>
	<testcase classname="tests/ActivityConsole\C1459-CheckIfActivitiesHasStatusBasedOnOutCome.testcase" name="C1459-CheckIfActivitiesHasStatusBasedOnOutCome.testcase" time="60.286">
		<failure message="Execution failed"><![CDATA[The containing Screen or Row was not found.]]></failure>
	</testcase>
	<testcase classname="tests/ActivityConsole\C1462_C1463-CheckIfActivitiesHaveInternalAndExternalComments.testcase" name="C1462_C1463-CheckIfActivitiesHaveInternalAndExternalComments.testcase" time="207.971">
	</testcase>
	<testcase classname="tests/ActivityConsole\C1468_C1461-CheckIfProvidingFinishDateEarlierThanCreatedIsNotAccepted.testcase" name="C1468_C1461-CheckIfProvidingFinishDateEarlierThanCreatedIsNotAccepted.testcase" time="191.957">
	</testcase>
</testsuite>
